INFO-FLOW: Workspace C:/Xilinx/Vitis/2020.1/gcd_custom_ip/gcd_ip/solution1 opened at Thu Mar 24 00:18:31 +0900 2022
Execute     ap_set_clock -name default -period 10 -default=false 
INFO: [SYN 201-201] Setting up clock 'default' with a period of 10ns.
Execute     open_platform DefaultPlatform 
Execute     import_lib C:/Xilinx/Vitis/2020.1/common/technology/xilinx/zynq/zynq 
Execute       source C:/Xilinx/Vitis/2020.1/common/technology/xilinx/common/xilinx.lib 
Execute         source C:/Xilinx/Vitis/2020.1/common/technology/xilinx/common/dsp48.lib 
Execute       source C:/Xilinx/Vitis/2020.1/common/technology/xilinx/common/xilinx.hlp 
Execute         source C:/Xilinx/Vitis/2020.1/common/technology/xilinx/interface/xilinx_interface.hlp 
Execute           source C:/Xilinx/Vitis/2020.1/common/technology/xilinx/interface/maxi.hlp 
Execute           source C:/Xilinx/Vitis/2020.1/common/technology/xilinx/interface/saxilite.hlp 
Execute         source C:/Xilinx/Vitis/2020.1/common/technology/xilinx/common/dsp48.hlp 
Execute       source C:/Xilinx/Vitis/2020.1/common/technology/xilinx/zynq/dsp48e1.hlp 
Execute     source C:/Xilinx/Vitis/2020.1/common/technology/xilinx/zynq/zynq.gen 
Execute       source C:/Xilinx/Vitis/2020.1/common/technology/xilinx/common/xilinx.gen 
Execute         source C:/Xilinx/Vitis/2020.1/common/technology/xilinx/interface/plb46.gen 
Execute         source C:/Xilinx/Vitis/2020.1/common/technology/xilinx/interface/axi4.gen 
Execute         source C:/Xilinx/Vitis/2020.1/common/technology/xilinx/interface/nativeAXI4.gen 
Execute           source C:/Xilinx/Vitis/2020.1/common/technology/xilinx/interface/saxilite.gen 
Execute           source C:/Xilinx/Vitis/2020.1/common/technology/xilinx/interface/maxi.gen 
Execute         source C:/Xilinx/Vitis/2020.1/common/technology/xilinx/scripts/xilinxcoregen.gen 
Execute         source C:/Xilinx/Vitis/2020.1/common/technology/xilinx/interface/XilEDKCoreGen.gen 
Execute         source C:/Xilinx/Vitis/2020.1/common/technology/xilinx/ip/dds_compiler.gen 
Execute         source C:/Xilinx/Vitis/2020.1/common/technology/xilinx/ip/util.gen 
Execute         source C:/Xilinx/Vitis/2020.1/common/technology/xilinx/ip/xfft.gen 
Execute         source C:/Xilinx/Vitis/2020.1/common/technology/xilinx/ip/xfir.gen 
Execute         source C:/Xilinx/Vitis/2020.1/common/technology/xilinx/common/dsp48.gen 
Command       ap_source done; 0.128 sec.
Command     ap_source done; 0.128 sec.
Execute     open_platform DefaultPlatform 
Execute     import_lib C:/Xilinx/Vitis/2020.1/common/technology/xilinx/zynq/zynq_fpv6 
Execute       source C:/Xilinx/Vitis/2020.1/common/technology/xilinx/common/xilinx_fp.lib 
Execute       source C:/Xilinx/Vitis/2020.1/common/technology/xilinx/common/xilinx_fp.hlp 
Execute         source C:/Xilinx/Vitis/2020.1/common/technology/xilinx/common/xilinx.hlp 
Execute           source C:/Xilinx/Vitis/2020.1/common/technology/xilinx/interface/xilinx_interface.hlp 
Execute             source C:/Xilinx/Vitis/2020.1/common/technology/xilinx/interface/maxi.hlp 
Execute             source C:/Xilinx/Vitis/2020.1/common/technology/xilinx/interface/saxilite.hlp 
Execute           source C:/Xilinx/Vitis/2020.1/common/technology/xilinx/common/dsp48.hlp 
Execute     source C:/Xilinx/Vitis/2020.1/common/technology/xilinx/zynq/zynq_fpv6.gen 
Execute       source C:/Xilinx/Vitis/2020.1/common/technology/xilinx/common/xilinx_fp.gen 
Execute     set_part xc7z020-clg400-1 
INFO-FLOW: DBG:set_part: XILINX_VIVADO=C:/Xilinx/Vivado/2020.1
INFO-FLOW: DBG:set_part: RDI_DATADIR=C:/Xilinx/Vivado/2020.1/data;C:/Xilinx/Vitis/2020.1/data
Execute       ap_part_info -name xc7z020-clg400-1 -data single -quiet 
DBG:HLSDevice: Trying to load device library: C:/Xilinx/Vitis/2020.1\lib\win64.o\librdi_hlsvwrap.dll
DBG:HLSDevice: first parts/arch.xml in RDI_DATADIR: C:/Xilinx/Vivado/2020.1/data/parts/arch.xml
Command       ap_part_info done; 1.303 sec.
Execute       ap_part_info -name xc7z020-clg400-1 -data info 
Execute       ap_family_info -name zynq -data info 
Execute       add_library xilinx/zynq/zynq:xc7z020:-clg400:-1 
Execute         get_default_platform 
Execute         ap_part_info -data single -name xc7z020-clg400-1 
Execute         ap_part_info -name xc7z020-clg400-1 -data resources 
Execute         config_chip_info -resource {SLICE 13300} {LUT 53200} {FF 106400} {DSP 220} {BRAM 280} {URAM 0} 
Execute         ap_part_info -name xc7z020-clg400-1 -data info 
Execute         config_chip_info -speed slow 
Execute       add_library xilinx/zynq/zynq_fpv6 
Execute         get_default_platform 
INFO: [HLS 200-10] Setting target device to 'xc7z020-clg400-1'
Execute       ap_part_info -name xc7z020-clg400-1 -data info 
Execute       get_default_platform 
Command     set_part done; 1.402 sec.
Execute     ap_part_info -data single -name xc7z020-clg400-1 
Execute     ap_part_info -name xc7z020-clg400-1 -data resources 
Execute     config_chip_info -resource {SLICE 13300} {LUT 53200} {FF 106400} {DSP 220} {BRAM 280} {URAM 0} 
Execute     ap_part_info -name xc7z020-clg400-1 -data info 
Execute     config_chip_info -speed slow 
Execute     send_msg_by_id INFO @200-1505@%s%s  vivado 
INFO: [HLS 200-1505] Using flow_target 'vivado'
Execute     get_config_interface -m_axi_latency 
Execute     get_config_interface -m_axi_alignment_byte_size 
Execute     get_config_interface -m_axi_max_widen_bitwidth 
Execute     get_config_interface -default_interface 
Execute     get_config_interface -default_slave_interface 
Execute     get_config_rtl -register_reset_num 
Command   open_solution done; 1.6 sec.
Execute   set_part xc7z020clg400-1 
INFO-FLOW: DBG:set_part: XILINX_VIVADO=C:/Xilinx/Vivado/2020.1
INFO-FLOW: DBG:set_part: RDI_DATADIR=C:/Xilinx/Vivado/2020.1/data;C:/Xilinx/Vitis/2020.1/data
Execute     ap_part_info -name xc7z020clg400-1 -data single -quiet 
Execute     ap_part_info -name xc7z020clg400-1 -data info 
Execute     ap_family_info -name zynq -data info 
Execute     add_library xilinx/zynq/zynq:xc7z020:-clg400:-1 
Execute       get_default_platform 
Execute       ap_part_info -data single -name xc7z020-clg400-1 
Execute       ap_part_info -name xc7z020-clg400-1 -data resources 
Execute       config_chip_info -resource {SLICE 13300} {LUT 53200} {FF 106400} {DSP 220} {BRAM 280} {URAM 0} 
Execute       ap_part_info -name xc7z020-clg400-1 -data info 
Execute       config_chip_info -speed slow 
Execute     add_library xilinx/zynq/zynq_fpv6 
Execute       get_default_platform 
Execute     ap_part_info -name xc7z020-clg400-1 -data info 
Execute     get_default_platform 
Execute   create_clock -period 10 -name default 
Execute   csynth_design 
Execute     get_config_compile -dump_cfg 
Execute     get_config_compile -effort 
Execute     get_config_compile -enable_clang39 
Execute     get_config_compile -g 
Execute     get_config_compile -ng 
Execute     get_config_compile -opt_fp 
Execute     get_config_compile -skip_cdt 
Execute     get_config_compile -skip_syncheck 
Execute     get_config_compile -skip_transform 
Execute     get_config_compile -keep_printf 
Execute     elaborate -effort=medium -skip_syncheck=0 -keep_printf=0 -skip_cdt=0 -skip_transform=0 -ng=0 -g=0 -opt_fp=0 -from_csynth_design=1 
INFO: [HLS 200-10] Analyzing design file 'gcd_custom.cpp' ... 
INFO-FLOW: Compiling one TU...
Execute       get_config_compile -pragma_strict_mode 
INFO-FLOW: Handling gcd_custom.cpp as C++
Execute       ap_part_info -name xc7z020-clg400-1 -data info 
INFO-FLOW: Running: GCC PP 39
INFO-FLOW: Source preprocessing
Execute       ap_eval exec -ignorestderr C:/Xilinx/Vitis/2020.1/win64/tools/clang-3.9-csynth/bin/clang -fsave-optimization-record -foptimization-record-file=C:/Xilinx/Vitis/2020.1/gcd_custom_ip/gcd_ip/solution1/.autopilot/db/clang.gcd_custom.cpp.diag.yml -fno-limit-debug-info --sysroot C:/Xilinx/Vitis/2020.1/tps/mingw/6.2.0/win64.o/nt -fhls -fno-exceptions -E gcd_custom.cpp -fno-math-errno -c -emit-llvm -mllvm -disable-llvm-optzns -Werror=implicit-function-declaration -Werror=implicit-hls-streams -Werror=return-type -Wpragmas -Wunused-parameter -fno-threadsafe-statics -fno-use-cxa-atexit -std=gnu++14 -target fpga64-xilinx-mingw32 -fno-threadsafe-statics -fno-use-cxa-atexit -I C:/Xilinx/Vitis/2020.1/common/technology/autopilot/39 -DAESL_SYN -D__SYNTHESIS__ -D__HLS_SYN__ -I C:/Xilinx/Vitis/2020.1/common/technology/autopilot -I C:/Xilinx/Vitis/2020.1/common/technology/autopilot/ap_sysc -include etc/autopilot_ssdm_op.h -D__DSP48E1__ -o C:/Xilinx/Vitis/2020.1/gcd_custom_ip/gcd_ip/solution1/.autopilot/db/gcd_custom.pp.0.cpp > C:/Xilinx/Vitis/2020.1/gcd_custom_ip/gcd_ip/solution1/.autopilot/db/clang.gcd_custom.cpp.out.log 2> C:/Xilinx/Vitis/2020.1/gcd_custom_ip/gcd_ip/solution1/.autopilot/db/clang.gcd_custom.cpp.err.log 
Command       ap_eval done; 0.287 sec.
INFO-FLOW: Done: GCC PP 39 time: 0.3 seconds per iteration
Execute       set_directive_top gcd_custom -name=gcd_custom 
INFO-FLOW: Setting directive 'TOP' name=gcd_custom 
INFO-FLOW: Setting directive 'TOP' name=gcd_custom 
Execute       source C:/Xilinx/Vitis/2020.1/tps/tcl/tcllib1.11.1/yaml/huddle.tcl 
Execute       source C:/Xilinx/Vitis/2020.1/tps/tcl/tcllib1.11.1/yaml/json2huddle.tcl 
Execute         source C:/Xilinx/Vitis/2020.1/tps/tcl/tcllib1.11.1/try/try.tcl 
INFO-FLOW: Setting directive 'TOP' name=gcd_custom 
Execute       list_core -type functional_unit 
Execute       clang_tidy xilinx-systemc-detector C:/Xilinx/Vitis/2020.1/gcd_custom_ip/gcd_ip/solution1/.autopilot/db/gcd_custom.pp.0.cpp std=gnu++14 -target fpga  -directive=C:/Xilinx/Vitis/2020.1/gcd_custom_ip/gcd_ip/solution1/.autopilot/db/.systemc_flag 
INFO-FLOW: exec C:/Xilinx/Vitis/2020.1/win64/tools/clang-3.9-csynth/bin/clang-tidy -header-filter=.* --checks=-*,xilinx-systemc-detector -import-directive=C:/Xilinx/Vitis/2020.1/gcd_custom_ip/gcd_ip/solution1/.autopilot/db/.systemc_flag -fix-errors C:/Xilinx/Vitis/2020.1/gcd_custom_ip/gcd_ip/solution1/.autopilot/db/gcd_custom.pp.0.cpp -- -std=gnu++14 -target fpga -fhls -ferror-limit=0
INFO-FLOW: Running: clang-tidy CDT preprocess 39
Execute       clang_tidy xilinx-directive2pragma C:/Xilinx/Vitis/2020.1/gcd_custom_ip/gcd_ip/solution1/.autopilot/db/gcd_custom.pp.0.cpp std=gnu++14 -target fpga  -directive=C:/Xilinx/Vitis/2020.1/gcd_custom_ip/gcd_ip/solution1/.autopilot/db/all.directive.json 
INFO-FLOW: exec C:/Xilinx/Vitis/2020.1/win64/tools/clang-3.9-csynth/bin/clang-tidy -header-filter=.* --checks=-*,xilinx-directive2pragma -import-directive=C:/Xilinx/Vitis/2020.1/gcd_custom_ip/gcd_ip/solution1/.autopilot/db/all.directive.json -fix-errors C:/Xilinx/Vitis/2020.1/gcd_custom_ip/gcd_ip/solution1/.autopilot/db/gcd_custom.pp.0.cpp -- -std=gnu++14 -target fpga -fhls -ferror-limit=0
Execute       clang_tidy xilinx-constantarray-param,xilinx-remove-assert C:/Xilinx/Vitis/2020.1/gcd_custom_ip/gcd_ip/solution1/.autopilot/db/gcd_custom.pp.0.cpp std=gnu++14 -target fpga  
INFO-FLOW: exec C:/Xilinx/Vitis/2020.1/win64/tools/clang-3.9-csynth/bin/clang-tidy -header-filter=.* --checks=-*,xilinx-constantarray-param,xilinx-remove-assert -fix-errors C:/Xilinx/Vitis/2020.1/gcd_custom_ip/gcd_ip/solution1/.autopilot/db/gcd_custom.pp.0.cpp -- -std=gnu++14 -target fpga -fhls -ferror-limit=0
INFO-FLOW: Done: clang-tidy CDT preprocess 39 time: 0.1 seconds per iteration
INFO-FLOW: Calling xilinx-label-all-loops ... 
Execute       clang_tidy -errorcheck xilinx-label-all-loops C:/Xilinx/Vitis/2020.1/gcd_custom_ip/gcd_ip/solution1/.autopilot/db/gcd_custom.pp.0.cpp std=gnu++14 -target fpga  
Execute         ap_eval exec -ignorestderr C:/Xilinx/Vitis/2020.1/win64/tools/clang-3.9-csynth/bin/clang-tidy -export-fixes=C:/Xilinx/Vitis/2020.1/gcd_custom_ip/gcd_ip/solution1/.autopilot/db/clang-tidy.gcd_custom.pp.0.cpp.diag.yml -header-filter=.* --checks=-*,xilinx-label-all-loops -fix-errors C:/Xilinx/Vitis/2020.1/gcd_custom_ip/gcd_ip/solution1/.autopilot/db/gcd_custom.pp.0.cpp -- -std=gnu++14 -target fpga -fhls -ferror-limit=0 > C:/Xilinx/Vitis/2020.1/gcd_custom_ip/gcd_ip/solution1/.autopilot/db/clang-tidy.gcd_custom.pp.0.cpp.out.log 2> C:/Xilinx/Vitis/2020.1/gcd_custom_ip/gcd_ip/solution1/.autopilot/db/clang-tidy.gcd_custom.pp.0.cpp.err.log 
Execute         source C:/Xilinx/Vitis/2020.1/tps/tcl/tcllib1.11.1/yaml/yaml.tcl 
Execute           source C:/Xilinx/Vitis/2020.1/tps/tcl/tcllib1.11.1/cmdline/cmdline.tcl 
Execute       clang_tidy -errorcheck xilinx-top-parameters C:/Xilinx/Vitis/2020.1/gcd_custom_ip/gcd_ip/solution1/.autopilot/db/gcd_custom.pp.0.cpp std=gnu++14 -target fpga  
Execute         ap_eval exec -ignorestderr C:/Xilinx/Vitis/2020.1/win64/tools/clang-3.9-csynth/bin/clang-tidy -export-fixes=C:/Xilinx/Vitis/2020.1/gcd_custom_ip/gcd_ip/solution1/.autopilot/db/clang-tidy.gcd_custom.pp.0.cpp.diag.yml -header-filter=.* --checks=-*,xilinx-top-parameters -fix-errors C:/Xilinx/Vitis/2020.1/gcd_custom_ip/gcd_ip/solution1/.autopilot/db/gcd_custom.pp.0.cpp -- -std=gnu++14 -target fpga -fhls -ferror-limit=0 > C:/Xilinx/Vitis/2020.1/gcd_custom_ip/gcd_ip/solution1/.autopilot/db/clang-tidy.gcd_custom.pp.0.cpp.out.log 2> C:/Xilinx/Vitis/2020.1/gcd_custom_ip/gcd_ip/solution1/.autopilot/db/clang-tidy.gcd_custom.pp.0.cpp.err.log 
Execute       clang_tidy -errorcheck xilinx-array-stream-check C:/Xilinx/Vitis/2020.1/gcd_custom_ip/gcd_ip/solution1/.autopilot/db/gcd_custom.pp.0.cpp std=gnu++14 -target fpga  
Execute         ap_eval exec -ignorestderr C:/Xilinx/Vitis/2020.1/win64/tools/clang-3.9-csynth/bin/clang-tidy -export-fixes=C:/Xilinx/Vitis/2020.1/gcd_custom_ip/gcd_ip/solution1/.autopilot/db/clang-tidy.gcd_custom.pp.0.cpp.diag.yml -header-filter=.* --checks=-*,xilinx-array-stream-check -fix-errors C:/Xilinx/Vitis/2020.1/gcd_custom_ip/gcd_ip/solution1/.autopilot/db/gcd_custom.pp.0.cpp -- -std=gnu++14 -target fpga -fhls -ferror-limit=0 > C:/Xilinx/Vitis/2020.1/gcd_custom_ip/gcd_ip/solution1/.autopilot/db/clang-tidy.gcd_custom.pp.0.cpp.out.log 2> C:/Xilinx/Vitis/2020.1/gcd_custom_ip/gcd_ip/solution1/.autopilot/db/clang-tidy.gcd_custom.pp.0.cpp.err.log 
Execute       get_config_dataflow -strict_mode 
Execute       ap_eval exec -ignorestderr C:/Xilinx/Vitis/2020.1/win64/tools/clang-3.9-csynth/bin/xilinx-dataflow-lawyer -export-fixes=C:/Xilinx/Vitis/2020.1/gcd_custom_ip/gcd_ip/solution1/.autopilot/db/xilinx-dataflow-lawyer.gcd_custom.pp.0.cpp.diag.yml C:/Xilinx/Vitis/2020.1/gcd_custom_ip/gcd_ip/solution1/.autopilot/db/gcd_custom.pp.0.cpp -- -std=gnu++14 -target fpga -fhls -ferror-limit=0 -fstrict-dataflow > C:/Xilinx/Vitis/2020.1/gcd_custom_ip/gcd_ip/solution1/.autopilot/db/xilinx-dataflow-lawyer.gcd_custom.pp.0.cpp.out.log 2> C:/Xilinx/Vitis/2020.1/gcd_custom_ip/gcd_ip/solution1/.autopilot/db/xilinx-dataflow-lawyer.gcd_custom.pp.0.cpp.err.log 
Execute       clang_tidy -errorcheck xilinx-warn-mayneed-no-ctor-attribute C:/Xilinx/Vitis/2020.1/gcd_custom_ip/gcd_ip/solution1/.autopilot/db/gcd_custom.pp.0.cpp std=gnu++14 -target fpga  
Execute         ap_eval exec -ignorestderr C:/Xilinx/Vitis/2020.1/win64/tools/clang-3.9-csynth/bin/clang-tidy -export-fixes=C:/Xilinx/Vitis/2020.1/gcd_custom_ip/gcd_ip/solution1/.autopilot/db/clang-tidy.gcd_custom.pp.0.cpp.diag.yml -header-filter=.* --checks=-*,xilinx-warn-mayneed-no-ctor-attribute -fix-errors C:/Xilinx/Vitis/2020.1/gcd_custom_ip/gcd_ip/solution1/.autopilot/db/gcd_custom.pp.0.cpp -- -std=gnu++14 -target fpga -fhls -ferror-limit=0 > C:/Xilinx/Vitis/2020.1/gcd_custom_ip/gcd_ip/solution1/.autopilot/db/clang-tidy.gcd_custom.pp.0.cpp.out.log 2> C:/Xilinx/Vitis/2020.1/gcd_custom_ip/gcd_ip/solution1/.autopilot/db/clang-tidy.gcd_custom.pp.0.cpp.err.log 
Execute       ap_part_info -name xc7z020-clg400-1 -data info 
INFO-FLOW: compiling source code to llvm bc
Execute       ap_eval exec -ignorestderr C:/Xilinx/Vitis/2020.1/win64/tools/clang-3.9-csynth/bin/clang -fsave-optimization-record -foptimization-record-file=C:/Xilinx/Vitis/2020.1/gcd_custom_ip/gcd_ip/solution1/.autopilot/db/clang.gcd_custom.pragma.2.cpp.diag.yml -fno-limit-debug-info -fhls -flto -fno-exceptions -Wno-error=c++11-narrowing C:/Xilinx/Vitis/2020.1/gcd_custom_ip/gcd_ip/solution1/.autopilot/db/gcd_custom.pragma.2.cpp -fno-math-errno -c -emit-llvm -mllvm -disable-llvm-optzns -Werror=implicit-function-declaration -Werror=implicit-hls-streams -Werror=return-type -Wpragmas -Wunused-parameter -fno-threadsafe-statics -fno-use-cxa-atexit -std=gnu++14 -target fpga64-xilinx-linux-gnu -DAESL_SYN -D__SYNTHESIS__ -D__HLS_SYN__ -I C:/Xilinx/Vitis/2020.1/common/technology/autopilot -I C:/Xilinx/Vitis/2020.1/common/technology/autopilot/ap_sysc -include etc/autopilot_ssdm_op.h -D__DSP48E1__ -g -o C:/Xilinx/Vitis/2020.1/gcd_custom_ip/gcd_ip/solution1/.autopilot/db/gcd_custom.bc > C:/Xilinx/Vitis/2020.1/gcd_custom_ip/gcd_ip/solution1/.autopilot/db/clang.gcd_custom.pragma.2.cpp.out.log 2> C:/Xilinx/Vitis/2020.1/gcd_custom_ip/gcd_ip/solution1/.autopilot/db/clang.gcd_custom.pragma.2.cpp.err.log 
Command       ap_eval done; 0.275 sec.
INFO-FLOW: Linking Debug ...
INFO-FLOW: Linking dut bc code.
Execute       run_link_or_opt -out C:/Xilinx/Vitis/2020.1/gcd_custom_ip/gcd_ip/solution1/.autopilot/db/a.g.ld.0.bc -args  "C:/Xilinx/Vitis/2020.1/gcd_custom_ip/gcd_ip/solution1/.autopilot/db/gcd_custom.g.bc"  
Execute         ap_eval exec -ignorestderr C:/Xilinx/Vitis/2020.1/win64/tools/clang-3.9-csynth/bin/llvm-link C:/Xilinx/Vitis/2020.1/gcd_custom_ip/gcd_ip/solution1/.autopilot/db/gcd_custom.g.bc -o C:/Xilinx/Vitis/2020.1/gcd_custom_ip/gcd_ip/solution1/.autopilot/db/a.g.ld.0.bc > C:/Xilinx/Vitis/2020.1/gcd_custom_ip/gcd_ip/solution1/.autopilot/db/llvm-link.a.g.ld.0.bc.out.log 2> C:/Xilinx/Vitis/2020.1/gcd_custom_ip/gcd_ip/solution1/.autopilot/db/llvm-link.a.g.ld.0.bc.err.log 
INFO-FLOW: 
Execute       run_link_or_opt -opt -out C:/Xilinx/Vitis/2020.1/gcd_custom_ip/gcd_ip/solution1/.autopilot/db/a.g.ld.1.lower.bc -args C:/Xilinx/Vitis/2020.1/gcd_custom_ip/gcd_ip/solution1/.autopilot/db/a.g.ld.0.bc -reflow-lower-math-intrinsics 
Execute         ap_eval exec -ignorestderr C:/Xilinx/Vitis/2020.1/win64/tools/clang-3.9-csynth/bin/opt -pass-remarks-missed=.* -pass-remarks-output=C:/Xilinx/Vitis/2020.1/gcd_custom_ip/gcd_ip/solution1/.autopilot/db/opt.a.g.ld.1.lower.bc.diag.yml C:/Xilinx/Vitis/2020.1/gcd_custom_ip/gcd_ip/solution1/.autopilot/db/a.g.ld.0.bc -reflow-lower-math-intrinsics -o C:/Xilinx/Vitis/2020.1/gcd_custom_ip/gcd_ip/solution1/.autopilot/db/a.g.ld.1.lower.bc > C:/Xilinx/Vitis/2020.1/gcd_custom_ip/gcd_ip/solution1/.autopilot/db/opt.a.g.ld.1.lower.bc.out.log 2> C:/Xilinx/Vitis/2020.1/gcd_custom_ip/gcd_ip/solution1/.autopilot/db/opt.a.g.ld.1.lower.bc.err.log 
INFO-FLOW: 
INFO-FLOW: Linking math bc lib
Execute       run_link_or_opt -out C:/Xilinx/Vitis/2020.1/gcd_custom_ip/gcd_ip/solution1/.autopilot/db/a.g.ld.2.m1.bc -args C:/Xilinx/Vitis/2020.1/gcd_custom_ip/gcd_ip/solution1/.autopilot/db/a.g.ld.1.lower.bc -only-needed C:/Xilinx/Vitis/2020.1/win64/lib/libhlsm_39.bc C:/Xilinx/Vitis/2020.1/win64/lib/libhlsmc++_39.bc 
Execute         ap_eval exec -ignorestderr C:/Xilinx/Vitis/2020.1/win64/tools/clang-3.9-csynth/bin/llvm-link C:/Xilinx/Vitis/2020.1/gcd_custom_ip/gcd_ip/solution1/.autopilot/db/a.g.ld.1.lower.bc -only-needed C:/Xilinx/Vitis/2020.1/win64/lib/libhlsm_39.bc C:/Xilinx/Vitis/2020.1/win64/lib/libhlsmc++_39.bc -o C:/Xilinx/Vitis/2020.1/gcd_custom_ip/gcd_ip/solution1/.autopilot/db/a.g.ld.2.m1.bc > C:/Xilinx/Vitis/2020.1/gcd_custom_ip/gcd_ip/solution1/.autopilot/db/llvm-link.a.g.ld.2.m1.bc.out.log 2> C:/Xilinx/Vitis/2020.1/gcd_custom_ip/gcd_ip/solution1/.autopilot/db/llvm-link.a.g.ld.2.m1.bc.err.log 
Command         ap_eval done; 2.293 sec.
INFO-FLOW: 
Command       run_link_or_opt done; 2.294 sec.
Execute       run_link_or_opt -opt -out C:/Xilinx/Vitis/2020.1/gcd_custom_ip/gcd_ip/solution1/.autopilot/db/a.g.ld.3.fpc.bc -args C:/Xilinx/Vitis/2020.1/gcd_custom_ip/gcd_ip/solution1/.autopilot/db/a.g.ld.2.m1.bc -reflow-globaldce -hls-top-function-name=gcd_custom -reflow-float-conversion 
Execute         ap_eval exec -ignorestderr C:/Xilinx/Vitis/2020.1/win64/tools/clang-3.9-csynth/bin/opt -pass-remarks-missed=.* -pass-remarks-output=C:/Xilinx/Vitis/2020.1/gcd_custom_ip/gcd_ip/solution1/.autopilot/db/opt.a.g.ld.3.fpc.bc.diag.yml C:/Xilinx/Vitis/2020.1/gcd_custom_ip/gcd_ip/solution1/.autopilot/db/a.g.ld.2.m1.bc -reflow-globaldce -hls-top-function-name=gcd_custom -reflow-float-conversion -o C:/Xilinx/Vitis/2020.1/gcd_custom_ip/gcd_ip/solution1/.autopilot/db/a.g.ld.3.fpc.bc > C:/Xilinx/Vitis/2020.1/gcd_custom_ip/gcd_ip/solution1/.autopilot/db/opt.a.g.ld.3.fpc.bc.out.log 2> C:/Xilinx/Vitis/2020.1/gcd_custom_ip/gcd_ip/solution1/.autopilot/db/opt.a.g.ld.3.fpc.bc.err.log 
Command         ap_eval done; 0.884 sec.
INFO-FLOW: 
Command       run_link_or_opt done; 0.888 sec.
Execute       run_link_or_opt -out C:/Xilinx/Vitis/2020.1/gcd_custom_ip/gcd_ip/solution1/.autopilot/db/a.g.ld.4.m2.bc -args C:/Xilinx/Vitis/2020.1/gcd_custom_ip/gcd_ip/solution1/.autopilot/db/a.g.ld.3.fpc.bc -only-needed C:/Xilinx/Vitis/2020.1/win64/lib/libfloatconversion_39.bc 
Execute         ap_eval exec -ignorestderr C:/Xilinx/Vitis/2020.1/win64/tools/clang-3.9-csynth/bin/llvm-link C:/Xilinx/Vitis/2020.1/gcd_custom_ip/gcd_ip/solution1/.autopilot/db/a.g.ld.3.fpc.bc -only-needed C:/Xilinx/Vitis/2020.1/win64/lib/libfloatconversion_39.bc -o C:/Xilinx/Vitis/2020.1/gcd_custom_ip/gcd_ip/solution1/.autopilot/db/a.g.ld.4.m2.bc > C:/Xilinx/Vitis/2020.1/gcd_custom_ip/gcd_ip/solution1/.autopilot/db/llvm-link.a.g.ld.4.m2.bc.out.log 2> C:/Xilinx/Vitis/2020.1/gcd_custom_ip/gcd_ip/solution1/.autopilot/db/llvm-link.a.g.ld.4.m2.bc.err.log 
INFO-FLOW: 
Execute       run_link_or_opt -opt -out C:/Xilinx/Vitis/2020.1/gcd_custom_ip/gcd_ip/solution1/.autopilot/db/a.g.ld.5.gdce.bc -args C:/Xilinx/Vitis/2020.1/gcd_custom_ip/gcd_ip/solution1/.autopilot/db/a.g.ld.4.m2.bc -reflow-globaldce -hls-top-function-name=gcd_custom 
Execute         ap_eval exec -ignorestderr C:/Xilinx/Vitis/2020.1/win64/tools/clang-3.9-csynth/bin/opt -pass-remarks-missed=.* -pass-remarks-output=C:/Xilinx/Vitis/2020.1/gcd_custom_ip/gcd_ip/solution1/.autopilot/db/opt.a.g.ld.5.gdce.bc.diag.yml C:/Xilinx/Vitis/2020.1/gcd_custom_ip/gcd_ip/solution1/.autopilot/db/a.g.ld.4.m2.bc -reflow-globaldce -hls-top-function-name=gcd_custom -o C:/Xilinx/Vitis/2020.1/gcd_custom_ip/gcd_ip/solution1/.autopilot/db/a.g.ld.5.gdce.bc > C:/Xilinx/Vitis/2020.1/gcd_custom_ip/gcd_ip/solution1/.autopilot/db/opt.a.g.ld.5.gdce.bc.out.log 2> C:/Xilinx/Vitis/2020.1/gcd_custom_ip/gcd_ip/solution1/.autopilot/db/opt.a.g.ld.5.gdce.bc.err.log 
INFO-FLOW: 
Execute       get_solution -flow_target 
Execute       get_config_export -xo 
Execute       get_config_export -format 
Execute       get_config_rtl -module_prefix 
Execute       get_config_interface -default_interface 
Execute       send_msg_by_id INFO @200-777@%s Vivado 
INFO: [HLS 200-777] Using interface defaults for 'Vivado' target.
Execute       get_config_interface -default_slave_interface 
Execute       get_solution -flow_target 
Execute       get_config_export -xo 
Execute       get_config_export -format 
Execute       get_config_interface -m_axi_offset 
Execute       get_config_interface -m_axi_latency 
Execute       get_config_interface -m_axi_alignment_byte_size 
Execute       get_config_interface -m_axi_min_bitwidth 
Execute       get_config_interface -m_axi_max_bitwidth 
Execute       get_config_interface -m_axi_max_widen_bitwidth 
Execute       get_config_interface -m_axi_num_read_outstanding 
Execute       get_config_interface -m_axi_num_write_outstanding 
Execute       get_config_interface -m_axi_max_read_burst_length 
Execute       get_config_interface -m_axi_max_write_burst_length 
Execute       get_config_interface -m_axi_min_bitwidth 
Execute       get_config_interface -m_axi_max_bitwidth 
Execute       get_config_interface -m_axi_latency 
Execute       get_config_interface -m_axi_min_bitwidth 
Execute       get_config_interface -m_axi_max_bitwidth 
Execute       get_config_interface -m_axi_max_widen_bitwidth 
Execute       get_config_interface -m_axi_auto_max_ports 
Execute       get_config_interface -m_axi_num_read_outstanding 
Execute       get_config_interface -m_axi_num_write_outstanding 
Execute       get_config_interface -m_axi_max_read_burst_length 
Execute       get_config_interface -m_axi_max_write_burst_length 
Execute       get_config_interface -s_axilite_data64 
Execute       get_config_interface -m_axi_alignment_byte_size 
Execute       get_config_compile -pragma_strict_mode 
INFO-FLOW: Doing LTO.
Execute       ap_eval exec -ignorestderr C:/Xilinx/Vitis/2020.1/win64/tools/clang-3.9-csynth/bin/clang -fsave-optimization-record -foptimization-record-file=C:/Xilinx/Vitis/2020.1/gcd_custom_ip/gcd_ip/solution1/.autopilot/db/clang.a.g.ld.0.bc.diag.yml -fhls -mllvm -hls-top-function-name=gcd_custom -mllvm -hls-db-dir -mllvm C:/Xilinx/Vitis/2020.1/gcd_custom_ip/gcd_ip/solution1/.autopilot/db -emit-llvm -c -mllvm -hls-bitcode-version=3.1 -target fpga64-xilinx-none -mllvm -xcl-xmlinfo=C:/Xilinx/Vitis/2020.1/gcd_custom_ip/gcd_ip/solution1/.autopilot/db/kernel.internal.xml -mllvm -top-io-mapping-info=C:/Xilinx/Vitis/2020.1/gcd_custom_ip/gcd_ip/solution1/.autopilot/db/top-io-fe.xml -mllvm -pass-remarks=supported-subset -mllvm -reflow-enable-interface-default-setting=false -mllvm -reflow-enable-slave-interface-default-setting=false -mllvm -gen-kernel-xml=false -mllvm -maxi-latency=0 -mllvm -hls-maxi-data-size-in-bits=8 -mllvm -hls-maxi-max-data-size-in-bits=1024 -mllvm -hls-max-widen-size-in-bits=0 -mllvm -xcl-kernel-max-mem-ports=0 -mllvm -maxi-read-trans=16 -mllvm -maxi-write-trans=16 -mllvm -maxi-read-burst-len=16 -mllvm -maxi-write-burst-len=16 -mllvm -reflow-enable-saxi-64bits=0 -mllvm -assume-maxi-align=0 -mllvm -no-unaligned-maxi-accesses -x ir C:/Xilinx/Vitis/2020.1/gcd_custom_ip/gcd_ip/solution1/.autopilot/db/a.g.ld.5.gdce.bc -o C:/Xilinx/Vitis/2020.1/gcd_custom_ip/gcd_ip/solution1/.autopilot/db/a.g.lto.bc > C:/Xilinx/Vitis/2020.1/gcd_custom_ip/gcd_ip/solution1/.autopilot/db/clang.a.g.ld.0.bc.out.log 2> C:/Xilinx/Vitis/2020.1/gcd_custom_ip/gcd_ip/solution1/.autopilot/db/clang.a.g.ld.0.bc.err.log 
Command       ap_eval done; 0.277 sec.
INFO-FLOW: DBG:CMD: copy_raw_kernel_xml ap_link_39: kernel.xml not generated: C:/Xilinx/Vitis/2020.1/gcd_custom_ip/gcd_ip/solution1/.autopilot/db/kernel.internal.xml
INFO: [HLS 200-111] Finished Linking Time (s): cpu = 00:00:03 ; elapsed = 00:00:07 . Memory (MB): peak = 999.652 ; gain = 901.859
INFO: [HLS 200-111] Finished Checking Pragmas Time (s): cpu = 00:00:03 ; elapsed = 00:00:07 . Memory (MB): peak = 999.652 ; gain = 901.859
Execute       opt_and_import_c a -opt_level=2 -skip_syncheck=0 -ng=0 -keep_printf=0 
Execute         cleanup_all_models 
INFO: [HLS 200-10] Starting code transformations ...
INFO-FLOW: Running Standard Transforms...
Execute         transform -hls -share-std-xform -demangle-name -inline-byval-memcpy -always-inline -promote-dbg-pointer -interface-preproc -mem2reg -scalarrepl -mem2reg -keep-read-access -instcombine -dce -promote-dbg-pointer -bitop-raise -loop-simplify -indvarspre -indvars -loop-simplify -xunroll -constprop -instcombine -simplifycfg -indvars -simplifycfg -dce -globaldce -basicaa -simplifycfg -mem2reg -globalopt -global-constprop -deadargelim -instcombine -simplifycfg -scalarrepl -instcombine -reassociate -licm -simplifycfg -loop-simplify -indvars -instcombine -simplifycfg -mem2reg -loop-simplify -indvars -instcombine -gvn -gvn -instcombine -adce -break-crit-edges -simplifycfg -loop-delete -global-array-opt -dce -dse -adce -find-syn-modules -top gcd_custom -deadargelim -mem2reg -instcombine -dce -presyn-prepare -auto-rom-infer -interface-preproc -syn-check -check-rec-only -find-region -simplifycfg -func-extr -function-inline -globaldce -mem2reg -instcombine -dce -gvn -globaldce -adce -adse -constprop -instcombine -bit-constprop -instcombine -dce -simplifycfg -bitop-raise -simplifycfg -dce -loop-delete -reassociate -globalopt -global-privatize -mem2reg -dce -global-constprop -pointer-simplify -constprop -dce -func-inst -deadargelim -auto-shift-reg-idiom -promote-dbg-pointer -norm-name C:/Xilinx/Vitis/2020.1/gcd_custom_ip/gcd_ip/solution1/.autopilot/db/a.g.0.bc -o C:/Xilinx/Vitis/2020.1/gcd_custom_ip/gcd_ip/solution1/.autopilot/db/a.g.1.bc -f -phase std-opt 
INFO: [HLS 200-111] Finished Standard Transforms Time (s): cpu = 00:00:03 ; elapsed = 00:00:07 . Memory (MB): peak = 999.652 ; gain = 901.859
INFO: [HLS 200-10] Checking synthesizability ...
INFO-FLOW: Checking Synthesizability 1/2..
Execute         transform -hls -syn-check -check-rec-only -disaggr -scalarrepl -norm-name -dce -mem2reg -instcombine -function-uniquify -directive-preproc -mem2reg -dse -dce -auto-rom-infer -dce -pag -array-normalize -instcombine -dce -warn-fifo-pointer -array-seg-normalize -instcombine -dce -data-pack -instcombine -dce -inst-simplify -array-flatten -instcombine -dce -array-burst -dce -deadargelim -promote-global-argument -simplifycfg -mem2reg -globaldce -dce -deadargelim -dce -instcombine -function-inline -globaldce -dce -doublePtrSimplify -doublePtrElim -dce -doublePtrSimplify -promote-dbg-pointer -dce -scalarrepl -dse -adse -instcombine -ptrLegalization -simplifycfg -dce -instcombine -pointer-simplify -ptrArgReplace -dce -instcombine -resolve-double-ptr -disaggr -scalarrepl -norm-name -dce -mem2reg -instcombine -ptrLegalization -simplifycfg -deadargelim -instcombine -dce -inst-simplify -function-uniquify -directive-preproc -mem2reg -dse -dce -globaldce -check-dspbuiltin C:/Xilinx/Vitis/2020.1/gcd_custom_ip/gcd_ip/solution1/.autopilot/db/a.g.1.bc -o C:/Xilinx/Vitis/2020.1/gcd_custom_ip/gcd_ip/solution1/.autopilot/db/a.g.2.prechk.bc -f 
INFO-FLOW: Checking Synthesizability 2/2..
Execute         transform -syn-check C:/Xilinx/Vitis/2020.1/gcd_custom_ip/gcd_ip/solution1/.autopilot/db/a.g.2.prechk.bc -o C:/Xilinx/Vitis/2020.1/gcd_custom_ip/gcd_ip/solution1/.autopilot/db/a.g.2.bc -f -phase syn-check 
INFO: [HLS 200-111] Finished Checking Synthesizability Time (s): cpu = 00:00:03 ; elapsed = 00:00:07 . Memory (MB): peak = 999.652 ; gain = 901.859
INFO-FLOW: Compiler optimizing ...
INFO-FLOW: Share syncheck's 1.bc for syn flow: copy C:/Xilinx/Vitis/2020.1/gcd_custom_ip/gcd_ip/solution1/.autopilot/db/a.g.1.bc to C:/Xilinx/Vitis/2020.1/gcd_custom_ip/gcd_ip/solution1/.autopilot/db/a.o.1.bc
INFO-FLOW: Presyn 1...
Execute         transform -hls -tmp C:/Xilinx/Vitis/2020.1/gcd_custom_ip/gcd_ip/solution1/.autopilot/db -interface-port-rename -function-uniquify -directive-preproc -mem2reg -dse -dce -disaggr -scalarrepl -norm-name -deadargelim -mem2reg -instcombine -dce -simplifycfg -auto-rom-infer -dce -function-uniquify -resource-proc -clib-intrinsic-prepare -dce -func-buffer -dce -pag -array-normalize -func-legal -instcombine -gvn -constprop -dce -simplifycfg -mem2reg -globaldce -resolve-double-ptr -dce -deadargelim -dce -instcombine -ptrArgReplace -mem2reg -dce -array-seg-normalize -deadargelim -instcombine -dce -function-uniquify -directive-preproc -mem2reg -dse -dce -pointer-simplify -dce -port-alignment -dce -interface-preproc -data-pack -instcombine -dce -basicaa -aggr-aa -aggrmodref-aa -aggr-aa -gvn -gvn -basicaa -aggr-aa -aggrmodref-aa -aggr-aa -dse -adse -adce -loop-simplify -indvars -instcombine -gvn -loop-simplify -mem2reg -dce -find-region -instcombine -auto-loop-pipeline -inst-simplify -interface-preproc -cfgopt -instcombine -indvars -auto-loop-unroll -loop-simplify -loop-bound -xunroll -constprop -instcombine -simplifycfg -indvars -simplifycfg -dce -globaldce -clean-region -attach-range -gvn -inst-simplify -constprop -simplifycfg -dce -pointer-simplify -dce -globalopt -constprop -dce -array-promote -constprop -dce -ptrArgReplace -mem2reg -simplifycfg -dce -auto-par -instcombine -dce -array-transform-check -array-reshape -instcombine -simplifycfg -dce -ptrArgReplace -deadargelim -mem2reg -instcombine -simplifycfg -dce -indvars -loop-simplify -loop-bound -xunroll -constprop -instcombine -simplifycfg -indvars -simplifycfg -dce -globaldce -basicaa -aggr-aa -aggrmodref-aa -aggr-aa -dse -duplicate-dataflow-processes -globaldce -instcombine -array-partition -instcombine -simplifycfg -dce -ptrArgReplace -global-constprop -deadargelim -mem2reg -func-legal -dce -global-constprop -deadargelim -mem2reg -simplifycfg -dce -merge-param -deadargelim -globalopt -constprop -dce -array-promote -constprop -dce -ptrArgReplace -mem2reg -simplifycfg -dce -mem-intrinsic-preproc -dce -global-internalize -global-privatize -mem2reg -globaldce -promote-global-argument -ptrArgReplace -mem2reg -dce -globalopt -mergereturn -simplify-global-access -mem2reg -dce -pointer-simplify -dce -functionattrs -basicaa -aggr-aa -aggrmodref-aa -aggr-aa -gvn -gvn -basicaa -aggr-aa -aggrmodref-aa -aggr-aa -dse -adse -adce -dce -norm-name -function-inline -complex-op-raise -inst-simplify -globaldce -func-inst -constprop -instcombine -simplifycfg -dce -func-legal -dce -loop-bound -arraycheck -bitwidthmin2 -bitwidthmin2 -on-by-dataflow -loop-delete -instcombine -simplifycfg -globaldce -dce -gvn -deadargelim -dce -loop-simplify -clean-region -simplifycfg -propagate-stable-arguments -loop-stream -instcombine -simplifycfg -dce -globaldce -duplicate-dataflow-processes -stream-intrinsic-preproc -dce -check-ap-stream -loop-simplify -eliminate-keepreads -extract-dataflow-in-loop -loop-simplify -dce -gvn -deadargelim -dse -check-dataflow-syntax -legalize-stream-variable -legalize-global -extract-subproc -dce -dead-channel-elimination -canonicalize-gep -globaldce -dce -gvn -deadargelim -directive-preproc -annotate-dataflow-channels -scalar-propagation -deadargelim -globaldce -mem2reg -check-dataflow-channels -function-stream -dce -globaldce -prop-fifo-spec -internal-stream-gen -canonicalize-gep -globaldce -dce -gvn -deadargelim -mergereturn -indvars -loop-simplify -instcombine -array-stream -array-seg-normalize -array-partition -func-legal -instcombine -simplifycfg -dce -bundle-memfifo-ops -deadargelim -function-uniquify -directive-preproc -mem2reg -dse -dce -group-axi-access -licm -simplifycfg -dce -loop-delete -norm-name C:/Xilinx/Vitis/2020.1/gcd_custom_ip/gcd_ip/solution1/.autopilot/db/a.o.1.bc -o C:/Xilinx/Vitis/2020.1/gcd_custom_ip/gcd_ip/solution1/.autopilot/db/a.o.1.tmp.bc -f 
WARNING: [XFORM 203-803] Dropped interface mode 'ap_auto' on 'gcd' (gcd_custom.cpp:1) as it is incompatible with its interface mode 's_axilite'.
INFO: [XFORM 203-510] Pipelining loop 'VITIS_LOOP_18_1' (gcd_custom.cpp:9) in function 'gcd_custom' automatically.
INFO-FLOW: Presyn 2...
Execute         transform -hls -keep-callgraph -scalarrepl -mem2reg -port-alignment -attach-range -dce -pipe-mux-gen -indvars -loop-bound -inst-simplify -instcombine -dce -merge-array-access -mem2reg -dce -clean-region -mergereturn -if-conv -instcombine -dce -constprop -basicaa -aggr-aa -aggrmodref-aa -aggr-aa -gvn -gvn -basicaa -aggr-aa -aggrmodref-aa -aggr-aa -dse -adse -adce -scalarrepl -mem2reg -global-constprop -deadargelim -deadargelim -instcombine -dce -simplifycfg -ptrArgReplace -mem2reg -function-inline -globaldce -mem2reg -instcombine -dce -expr-balance -instcombine -dce -bitwidthmin2 -bitwidthmin2 -interface-preproc -directive-preproc -inst-rectify -instcombine -dce -functionattrs -constprop -instcombine -bit-constprop -simplify-global-access -globalopt -globaldce -inst-simplify -instcombine -elimdeaddata -dce -loop-delete -simplifycfg -loop-simplify -auto-burst -barrier -norm-name C:/Xilinx/Vitis/2020.1/gcd_custom_ip/gcd_ip/solution1/.autopilot/db/a.o.1.tmp.bc -o C:/Xilinx/Vitis/2020.1/gcd_custom_ip/gcd_ip/solution1/.autopilot/db/a.o.2.bc -f -phase presyn 
INFO: [HLS 200-111] Finished Pre-synthesis Time (s): cpu = 00:00:03 ; elapsed = 00:00:07 . Memory (MB): peak = 999.652 ; gain = 901.859
Execute         get_config_compile -enable_loop_extract 
INFO-FLOW: Building ssdm...
Execute         transform -hls -function-uniquify -auto-function-inline -globaldce -ptrArgReplace -mem2reg -dce -reset-lda -loop-simplify -indvars -aggr-aa -licm -loop-dep -loop-bound -licm -loop-simplify -flattenloopnest -array-flatten -gvn -instcombine -dce -array-map -dce -func-legal -gvn -adce -instcombine -cfgopt -simplifycfg -loop-simplify -array-burst -promote-global-argument -dce -array-seg-normalize -basicaa -aggrmodref-aa -globalsmodref-aa -aggr-aa -gvn -gvn -basicaa -aggrmodref-aa -globalsmodref-aa -aggr-aa -dse -adse -adce -licm -inst-simplify -dce -globaldce -instcombine -array-stream -eliminate-keepreads -instcombine -dce -deadargelim -doublePtrSimplify -doublePtrElim -dce -doublePtrSimplify -promote-dbg-pointer -dce -scalarrepl -mem2reg -disaggr -norm-name -mem2reg -instcombine -dse -adse -adce -ptrLegalization -dce -auto-rom-infer -array-flatten -dce -instcombine -check-doubleptr -loop-rot -constprop -cfgopt -simplifycfg -loop-simplify -indvars -pointer-simplify -dce -loop-bound -loop-simplify -loop-preproc -constprop -global-constprop -gvn -mem2reg -instcombine -dce -loop-bound -loop-merge -dce -bitwidthmin2 -bitwidthmin2 -deadargelim -dce -canonicalize-dataflow -dce -scalar-propagation -deadargelim -globaldce -mem2reg -read-loop-dep -interface-preproc -directive-preproc -interface-gen -bram-byte-enable -deadargelim -inst-simplify -dce -gvn -mem2reg -instcombine -dce -adse -loop-bound -instcombine -cfgopt -simplifycfg -loop-simplify -clean-region -io-protocol -find-region -mem2reg -bitop-raise -complex-op-raise -inst-simplify -inst-rectify -instcombine -adce -deadargelim -loop-simplify -phi-opt -bitop-raise -cfgopt -simplifycfg -strip-dead-prototypes -interface-lower -bitop-lower -intrinsic-lower -auto-function-inline -basicaa -aggrmodref-aa -globalsmodref-aa -aggr-aa -inst-simplify -simplifycfg -loop-simplify -mergereturn -inst-simplify -inst-rectify -dce -load-elim -bitop-lower -loop-rewind -pointer-simplify -dce -cfgopt -dce -loop-bound -loop-dep -read-loop-dep -dce -check-stream -norm-name -legalize -validate-dataflow -inst-clarity -bitwidth -dump-loop-dep-to-ir -check-all-ssdm -cdfg-build C:/Xilinx/Vitis/2020.1/gcd_custom_ip/gcd_ip/solution1/.autopilot/db/a.o.2.bc -o C:/Xilinx/Vitis/2020.1/gcd_custom_ip/gcd_ip/solution1/.autopilot/db/a.o.3.bc -f -phase build-ssdm 
INFO: [HLS 200-111] Finished Architecture Synthesis Time (s): cpu = 00:00:03 ; elapsed = 00:00:07 . Memory (MB): peak = 999.652 ; gain = 901.859
INFO-FLOW: Finish building internal data model.
Command       opt_and_import_c done; 0.301 sec.
Command     elaborate done; 5.073 sec.
Execute     autosyn -from_csynth_design=1 
INFO: [HLS 200-10] Starting hardware synthesis ...
INFO-FLOW: Synthesizing C/C++ design ...
INFO: [HLS 200-10] Synthesizing 'gcd_custom' ...
Execute       ap_set_top_model gcd_custom 
Execute       get_model_list gcd_custom -filter all-wo-channel -topdown 
Execute       preproc_iomode -model gcd_custom 
Execute       get_model_list gcd_custom -filter all-wo-channel 
INFO-FLOW: Model list for configure: gcd_custom
INFO-FLOW: Configuring Module : gcd_custom ...
Execute       set_default_model gcd_custom 
Execute       apply_spec_resource_limit gcd_custom 
INFO-FLOW: Model list for preprocess: gcd_custom
INFO-FLOW: Preprocessing Module: gcd_custom ...
Execute       set_default_model gcd_custom 
Execute       cdfg_preprocess -model gcd_custom 
Execute       rtl_gen_preprocess gcd_custom 
INFO-FLOW: Model list for synthesis: gcd_custom
INFO: [HLS 200-10] ----------------------------------------------------------------
INFO: [HLS 200-42] -- Implementing module 'gcd_custom' 
INFO: [HLS 200-10] ----------------------------------------------------------------
Execute       set_default_model gcd_custom 
Execute       schedule -model gcd_custom 
INFO: [SCHED 204-11] Starting scheduling ...
INFO: [SCHED 204-61] Pipelining loop 'VITIS_LOOP_18_1'.
WARNING: [HLS 200-880] The II Violation in module 'gcd_custom' (Loop: VITIS_LOOP_18_1): Unable to enforce a carried dependence constraint (II = 1, distance = 1, offset = 1) between 'srem' operation ('b', gcd_custom.cpp:20) and 'icmp' operation ('icmp_ln18', gcd_custom.cpp:18).
WARNING: [HLS 200-880] The II Violation in module 'gcd_custom' (Loop: VITIS_LOOP_18_1): Unable to enforce a carried dependence constraint (II = 2, distance = 1, offset = 1) between 'srem' operation ('b', gcd_custom.cpp:20) and 'icmp' operation ('icmp_ln18', gcd_custom.cpp:18).
WARNING: [HLS 200-880] The II Violation in module 'gcd_custom' (Loop: VITIS_LOOP_18_1): Unable to enforce a carried dependence constraint (II = 3, distance = 1, offset = 1) between 'srem' operation ('b', gcd_custom.cpp:20) and 'icmp' operation ('icmp_ln18', gcd_custom.cpp:18).
WARNING: [HLS 200-880] The II Violation in module 'gcd_custom' (Loop: VITIS_LOOP_18_1): Unable to enforce a carried dependence constraint (II = 4, distance = 1, offset = 1) between 'srem' operation ('b', gcd_custom.cpp:20) and 'icmp' operation ('icmp_ln18', gcd_custom.cpp:18).
WARNING: [HLS 200-880] The II Violation in module 'gcd_custom' (Loop: VITIS_LOOP_18_1): Unable to enforce a carried dependence constraint (II = 35, distance = 1, offset = 1) between 'srem' operation ('b', gcd_custom.cpp:20) and 'icmp' operation ('icmp_ln18', gcd_custom.cpp:18).
INFO: [HLS 200-1470] Pipelining result : Target II = 1, Final II = 36, Depth = 36.
INFO: [SCHED 204-11] Finished scheduling.
INFO: [HLS 200-111]  Elapsed time: 7.469 seconds; current allocated memory: 138.487 MB.
Execute       syn_report -verbosereport -o C:/Xilinx/Vitis/2020.1/gcd_custom_ip/gcd_ip/solution1/.autopilot/db/gcd_custom.verbose.sched.rpt 
Execute         AP::get_flow_target_display_name
Execute           get_solution -flow_target 
Execute       db_write -o C:/Xilinx/Vitis/2020.1/gcd_custom_ip/gcd_ip/solution1/.autopilot/db/gcd_custom.sched.adb -f 
INFO-FLOW: Finish scheduling gcd_custom.
Execute       set_default_model gcd_custom 
Execute       bind -model gcd_custom 
INFO: [BIND 205-100] Starting micro-architecture generation ...
INFO: [BIND 205-101] Performing variable lifetime analysis.
INFO: [BIND 205-101] Exploring resource sharing.
INFO: [BIND 205-101] Binding ...
INFO: [BIND 205-100] Finished micro-architecture generation.
INFO: [HLS 200-111]  Elapsed time: 0.118 seconds; current allocated memory: 138.807 MB.
Execute       syn_report -verbosereport -o C:/Xilinx/Vitis/2020.1/gcd_custom_ip/gcd_ip/solution1/.autopilot/db/gcd_custom.verbose.bind.rpt 
Execute         AP::get_flow_target_display_name
Execute           get_solution -flow_target 
Execute       db_write -o C:/Xilinx/Vitis/2020.1/gcd_custom_ip/gcd_ip/solution1/.autopilot/db/gcd_custom.bind.adb -f 
INFO-FLOW: Finish binding gcd_custom.
Execute       get_model_list gcd_custom -filter all-wo-channel 
INFO-FLOW: Preprocessing for RTLGen ...
Execute       rtl_gen_preprocess gcd_custom 
INFO-FLOW: Model list for RTL generation: gcd_custom
INFO: [HLS 200-10] ----------------------------------------------------------------
INFO: [HLS 200-10] -- Generating RTL for module 'gcd_custom' 
INFO: [HLS 200-10] ----------------------------------------------------------------
Execute       get_config_rtl -module_prefix 
Execute       get_config_rtl -module_prefix 
Execute       get_config_rtl -module_auto_prefix 
Execute       create_rtl_model gcd_custom -top_prefix  -sub_prefix gcd_custom_ -mg_file C:/Xilinx/Vitis/2020.1/gcd_custom_ip/gcd_ip/solution1/.autopilot/db/gcd_custom.compgen.tcl 
WARNING: [RTGEN 206-101] Design contains AXI ports. Reset is fixed to synchronous and active low.
INFO: [RTGEN 206-500] Setting interface mode on port 'gcd_custom/a' to 's_axilite & ap_none'.
INFO: [RTGEN 206-500] Setting interface mode on port 'gcd_custom/b' to 's_axilite & ap_none'.
INFO: [RTGEN 206-500] Setting interface mode on port 'gcd_custom/gcd' to 's_axilite & ap_vld'.
INFO: [RTGEN 206-500] Setting interface mode on function 'gcd_custom' to 'ap_ctrl_none'.
INFO: [RTGEN 206-100] Bundling port 'a', 'b' and 'gcd' to AXI-Lite port control.
INFO: [RTGEN 206-100] Generating core module 'srem_32ns_32ns_32_36_1': 1 instance(s).
INFO: [RTGEN 206-100] Finished creating RTL model for 'gcd_custom'.
INFO: [HLS 200-111]  Elapsed time: 0.127 seconds; current allocated memory: 139.330 MB.
Execute       source C:/Xilinx/Vitis/2020.1/gcd_custom_ip/gcd_ip/solution1/.autopilot/db/gcd_custom.rtl_wrap.cfg.tcl 
Execute       gen_rtl gcd_custom -istop -style xilinx -f -lang vhdl -o C:/Xilinx/Vitis/2020.1/gcd_custom_ip/gcd_ip/solution1/syn/vhdl/gcd_custom 
Execute       gen_rtl gcd_custom -istop -style xilinx -f -lang vlog -o C:/Xilinx/Vitis/2020.1/gcd_custom_ip/gcd_ip/solution1/syn/verilog/gcd_custom 
Execute       syn_report -csynth -model gcd_custom -o C:/Xilinx/Vitis/2020.1/gcd_custom_ip/gcd_ip/solution1/syn/report/gcd_custom_csynth.rpt 
Execute         AP::get_flow_target_display_name
Execute           get_solution -flow_target 
Execute       syn_report -rtlxml -model gcd_custom -o C:/Xilinx/Vitis/2020.1/gcd_custom_ip/gcd_ip/solution1/syn/report/gcd_custom_csynth.xml 
Execute         get_solution -flow_target
Execute           get_solution -flow_target 
Execute       syn_report -verbosereport -model gcd_custom -o C:/Xilinx/Vitis/2020.1/gcd_custom_ip/gcd_ip/solution1/.autopilot/db/gcd_custom.verbose.rpt 
Execute         AP::get_flow_target_display_name
Execute           get_solution -flow_target 
Execute       db_write -model gcd_custom -f -o C:/Xilinx/Vitis/2020.1/gcd_custom_ip/gcd_ip/solution1/.autopilot/db/gcd_custom.adb 
Execute       gen_tb_info gcd_custom -p C:/Xilinx/Vitis/2020.1/gcd_custom_ip/gcd_ip/solution1/.autopilot/db -o C:/Xilinx/Vitis/2020.1/gcd_custom_ip/gcd_ip/solution1/.autopilot/db/gcd_custom 
Execute       export_constraint_db -f -tool general -o C:/Xilinx/Vitis/2020.1/gcd_custom_ip/gcd_ip/solution1/.autopilot/db/gcd_custom.constraint.tcl 
Execute       syn_report -designview -model gcd_custom -o C:/Xilinx/Vitis/2020.1/gcd_custom_ip/gcd_ip/solution1/.autopilot/db/gcd_custom.design.xml 
Execute       get_config_rtl -disable_wave_debug 
Execute       syn_report -wcfg -model gcd_custom -o C:/Xilinx/Vitis/2020.1/gcd_custom_ip/gcd_ip/solution1/.autopilot/db/gcd_custom_dataflow_ana.wcfg 
Execute       syn_report -protoinst -model gcd_custom -o C:/Xilinx/Vitis/2020.1/gcd_custom_ip/gcd_ip/solution1/.autopilot/db/gcd_custom.protoinst 
Execute       get_config_debug -directory 
Execute       sc_get_clocks gcd_custom 
Execute       get_config_export -vivado_clock 
Execute       get_config_rtl -module_prefix 
Execute       get_config_rtl -module_prefix 
Execute       get_config_rtl -module_auto_prefix 
Execute       sc_get_portdomain gcd_custom 
INFO-FLOW: Model list for RTL component generation: gcd_custom
INFO-FLOW: Handling components in module [gcd_custom] ... 
Execute       source C:/Xilinx/Vitis/2020.1/gcd_custom_ip/gcd_ip/solution1/.autopilot/db/gcd_custom.compgen.tcl 
INFO-FLOW: Found component gcd_custom_srem_32ns_32ns_32_36_1.
INFO-FLOW: Append model gcd_custom_srem_32ns_32ns_32_36_1
INFO-FLOW: Found component gcd_custom_control_s_axi.
INFO-FLOW: Append model gcd_custom_control_s_axi
INFO-FLOW: Append model gcd_custom
INFO-FLOW: Generating RTL model list ...
INFO-FLOW: All models in this session: gcd_custom_srem_32ns_32ns_32_36_1 gcd_custom_control_s_axi gcd_custom
INFO-FLOW: To file: write model gcd_custom_srem_32ns_32ns_32_36_1
INFO-FLOW: To file: write model gcd_custom_control_s_axi
INFO-FLOW: To file: write model gcd_custom
INFO-FLOW: Finished generating RTL model list.


INFO-FLOW: RTL Generation done.
INFO-FLOW: CAS Generation done.
INFO-FLOW: CBC Generation done.
Execute       get_top 
Execute       get_config_export -ipname 
Execute       get_config_export -xo 
Execute       get_config_export -format 
Execute       get_config_rtl -module_auto_prefix 
INFO-FLOW: DBG:CMD:   auto_impl: set ipname to top (module_auto_prefix): gcd_custom
INFO-FLOW: DBG:CMD: auto_generate_csynth_design
INFO-FLOW: DBG:CMD:     auto_generate --sim-model -phase csynth_design -d C:/Xilinx/Vitis/2020.1/gcd_custom_ip/gcd_ip/solution1
Execute       get_solution -flow_target 
Execute       get_config_export -xo 
Execute       get_config_export -format 
Execute       source C:/Xilinx/Vitis/2020.1/gcd_custom_ip/gcd_ip/solution1/.autopilot/db/global.setting.tcl 
INFO-FLOW: DBG:CMD: read_platform_lib C:/Xilinx/Vitis/2020.1/gcd_custom_ip/gcd_ip/solution1/.autopilot/db/global.setting.tcl
Execute       source C:/Xilinx/Vitis/2020.1/common/technology/generic/autopilot/common.gen 
Execute         source C:/Xilinx/Vitis/2020.1/common/technology/generic/autopilot/APCoreGen.gen 
Execute       source C:/Xilinx/Vitis/2020.1/common/technology/generic/autopilot/op.gen 
Execute       source C:/Xilinx/Vitis/2020.1/common/technology/generic/autopilot/op_simcore.gen 
Execute       source C:/Xilinx/Vitis/2020.1/common/technology/generic/autopilot/interface.gen 
Execute       source C:/Xilinx/Vitis/2020.1/gcd_custom_ip/gcd_ip/solution1/.autopilot/db/global.setting.tcl 
Execute       source C:/Xilinx/Vitis/2020.1/common/technology/xilinx/zynq/zynq.gen 
Execute         source C:/Xilinx/Vitis/2020.1/common/technology/xilinx/common/xilinx.gen 
Execute           source C:/Xilinx/Vitis/2020.1/common/technology/xilinx/interface/plb46.gen 
Execute           source C:/Xilinx/Vitis/2020.1/common/technology/xilinx/interface/axi4.gen 
Execute           source C:/Xilinx/Vitis/2020.1/common/technology/xilinx/interface/nativeAXI4.gen 
Execute             source C:/Xilinx/Vitis/2020.1/common/technology/xilinx/interface/saxilite.gen 
Execute             source C:/Xilinx/Vitis/2020.1/common/technology/xilinx/interface/maxi.gen 
Execute           source C:/Xilinx/Vitis/2020.1/common/technology/xilinx/scripts/xilinxcoregen.gen 
Execute           source C:/Xilinx/Vitis/2020.1/common/technology/xilinx/interface/XilEDKCoreGen.gen 
Execute           source C:/Xilinx/Vitis/2020.1/common/technology/xilinx/ip/dds_compiler.gen 
Execute           source C:/Xilinx/Vitis/2020.1/common/technology/xilinx/ip/util.gen 
Execute           source C:/Xilinx/Vitis/2020.1/common/technology/xilinx/ip/xfft.gen 
Execute           source C:/Xilinx/Vitis/2020.1/common/technology/xilinx/ip/xfir.gen 
Execute           source C:/Xilinx/Vitis/2020.1/common/technology/xilinx/common/dsp48.gen 
Command         ap_source done; 0.122 sec.
Command       ap_source done; 0.122 sec.
Execute       source C:/Xilinx/Vitis/2020.1/common/technology/xilinx/zynq/zynq_fpv6.gen 
Execute         source C:/Xilinx/Vitis/2020.1/common/technology/xilinx/common/xilinx_fp.gen 
INFO-FLOW: DBG:CMD:   using AESL_AUTOCG::g_clock_period=10.000 (was NA)
INFO-FLOW: DBG:CMD:       generate_ip_cores sim=1 export=0 expOnly=0 dstVlogDir=syn/verilog
Execute       source C:/Xilinx/Vitis/2020.1/gcd_custom_ip/gcd_ip/solution1/.autopilot/db/global.setting.tcl 
Execute       ap_part_info -name xc7z020-clg400-1 -data names -quiet 
Execute       ap_part_info -name xc7z020-clg400-1 -data info -quiet 
Execute       source C:/Xilinx/Vitis/2020.1/gcd_custom_ip/gcd_ip/solution1/.autopilot/db/global.setting.tcl 
Execute       source C:/Xilinx/Vitis/2020.1/gcd_custom_ip/gcd_ip/solution1/.autopilot/db/global.setting.tcl 
Execute       source C:/Xilinx/Vitis/2020.1/gcd_custom_ip/gcd_ip/solution1/.autopilot/db/gcd_custom.compgen.tcl 
Execute         ap_part_info -name xc7z020-clg400-1 -data names -quiet 
Execute         ap_part_info -name xc7z020-clg400-1 -data info -quiet 
INFO: [RTMG 210-282] Generating pipelined core: 'gcd_custom_srem_32ns_32ns_32_36_1_div'
Execute         source ./control.slave.tcl 
Execute         is_m_axi_addr64 
INFO-FLOW: DBG:CMD:     auto_generate -export -impltomg_flag -rtl both -tool Vivado -pcore_version 1.00.a -phase csynth_design -d C:/Xilinx/Vitis/2020.1/gcd_custom_ip/gcd_ip/solution1
Execute       get_solution -flow_target 
Execute       get_config_export -xo 
Execute       get_config_export -format 
Execute       source C:/Xilinx/Vitis/2020.1/gcd_custom_ip/gcd_ip/solution1/.autopilot/db/global.setting.tcl 
INFO-FLOW: DBG:CMD: read_platform_lib C:/Xilinx/Vitis/2020.1/gcd_custom_ip/gcd_ip/solution1/.autopilot/db/global.setting.tcl
Execute       source C:/Xilinx/Vitis/2020.1/common/technology/generic/autopilot/common.gen 
Execute         source C:/Xilinx/Vitis/2020.1/common/technology/generic/autopilot/APCoreGen.gen 
Execute       source C:/Xilinx/Vitis/2020.1/common/technology/generic/autopilot/op.gen 
Execute       source C:/Xilinx/Vitis/2020.1/common/technology/generic/autopilot/op_simcore.gen 
Execute       source C:/Xilinx/Vitis/2020.1/common/technology/generic/autopilot/interface.gen 
Execute       source C:/Xilinx/Vitis/2020.1/gcd_custom_ip/gcd_ip/solution1/.autopilot/db/global.setting.tcl 
Execute       source C:/Xilinx/Vitis/2020.1/common/technology/xilinx/zynq/zynq.gen 
Execute         source C:/Xilinx/Vitis/2020.1/common/technology/xilinx/common/xilinx.gen 
Execute           source C:/Xilinx/Vitis/2020.1/common/technology/xilinx/interface/plb46.gen 
Execute           source C:/Xilinx/Vitis/2020.1/common/technology/xilinx/interface/axi4.gen 
Execute           source C:/Xilinx/Vitis/2020.1/common/technology/xilinx/interface/nativeAXI4.gen 
Execute             source C:/Xilinx/Vitis/2020.1/common/technology/xilinx/interface/saxilite.gen 
Execute             source C:/Xilinx/Vitis/2020.1/common/technology/xilinx/interface/maxi.gen 
Execute           source C:/Xilinx/Vitis/2020.1/common/technology/xilinx/scripts/xilinxcoregen.gen 
Execute           source C:/Xilinx/Vitis/2020.1/common/technology/xilinx/interface/XilEDKCoreGen.gen 
Execute           source C:/Xilinx/Vitis/2020.1/common/technology/xilinx/ip/dds_compiler.gen 
Execute           source C:/Xilinx/Vitis/2020.1/common/technology/xilinx/ip/util.gen 
Execute           source C:/Xilinx/Vitis/2020.1/common/technology/xilinx/ip/xfft.gen 
Execute           source C:/Xilinx/Vitis/2020.1/common/technology/xilinx/ip/xfir.gen 
Execute           source C:/Xilinx/Vitis/2020.1/common/technology/xilinx/common/dsp48.gen 
Command         ap_source done; 0.121 sec.
Command       ap_source done; 0.121 sec.
Execute       source C:/Xilinx/Vitis/2020.1/common/technology/xilinx/zynq/zynq_fpv6.gen 
Execute         source C:/Xilinx/Vitis/2020.1/common/technology/xilinx/common/xilinx_fp.gen 
INFO-FLOW: DBG:CMD:       initCTypeInfo top_module=gcd_custom xml_exists=0
Execute       source C:/Xilinx/Vitis/2020.1/gcd_custom_ip/gcd_ip/solution1/.autopilot/db/gcd_custom.rtl_wrap.cfg.tcl 
Execute       source C:/Xilinx/Vitis/2020.1/gcd_custom_ip/gcd_ip/solution1/.autopilot/db/gcd_custom.rtl_wrap.cfg.tcl 
Execute       source C:/Xilinx/Vitis/2020.1/gcd_custom_ip/gcd_ip/solution1/.autopilot/db/gcd_custom.rtl_wrap.cfg.tcl 
Execute       source C:/Xilinx/Vitis/2020.1/gcd_custom_ip/gcd_ip/solution1/.autopilot/db/gcd_custom.tbgen.tcl 
Execute       source C:/Xilinx/Vitis/2020.1/gcd_custom_ip/gcd_ip/solution1/.autopilot/db/gcd_custom.tbgen.tcl 
INFO-FLOW: DBG:CMD:       export_impl_rtl
INFO-FLOW: DBG:CMD:       generate_ip_cores sim=0 export=0 expOnly=0 dstVlogDir=impl/.verilog
Execute       source C:/Xilinx/Vitis/2020.1/gcd_custom_ip/gcd_ip/solution1/.autopilot/db/global.setting.tcl 
Execute       source C:/Xilinx/Vitis/2020.1/gcd_custom_ip/gcd_ip/solution1/.autopilot/db/gcd_custom.compgen.tcl 
INFO-FLOW: DBG:CMD:       generate_ip_cores sim=0 export=1 expOnly=1 dstVlogDir=impl/.pcores/verilog
Execute       source C:/Xilinx/Vitis/2020.1/gcd_custom_ip/gcd_ip/solution1/.autopilot/db/global.setting.tcl 
Execute       source C:/Xilinx/Vitis/2020.1/gcd_custom_ip/gcd_ip/solution1/.autopilot/db/gcd_custom.compgen.tcl 
Execute         ap_part_info -name xc7z020-clg400-1 -data names -quiet 
Execute         ap_part_info -name xc7z020-clg400-1 -data info -quiet 
Execute         ap_part_info -name xc7z020-clg400-1 -data names -quiet 
Execute         ap_part_info -name xc7z020-clg400-1 -data info -quiet 
Execute         ap_part_info -name xc7z020-clg400-1 -data names -quiet 
Execute         ap_part_info -name xc7z020-clg400-1 -data info -quiet 
Execute         ap_part_info -name xc7z020-clg400-1 -data names -quiet 
Execute         ap_part_info -name xc7z020-clg400-1 -data info -quiet 
Execute         ap_part_info -name xc7z020-clg400-1 -data names -quiet 
Execute         ap_part_info -name xc7z020-clg400-1 -data info -quiet 
Execute         ap_part_info -name xc7z020-clg400-1 -data names -quiet 
Execute         ap_part_info -name xc7z020-clg400-1 -data info -quiet 
Command       ap_source done; 0.111 sec.
Execute       ap_part_info -name xc7z020-clg400-1 -data names -quiet 
Execute       ap_part_info -name xc7z020-clg400-1 -data info -quiet 
INFO-FLOW: DBG:CMD:       generate_ip_cores sim=0 export=0 expOnly=0 dstVlogDir=impl/.pcores/verilog_sim
Execute       source C:/Xilinx/Vitis/2020.1/gcd_custom_ip/gcd_ip/solution1/.autopilot/db/global.setting.tcl 
Execute       source C:/Xilinx/Vitis/2020.1/gcd_custom_ip/gcd_ip/solution1/.autopilot/db/gcd_custom.compgen.tcl 
Execute       ap_part_info -name xc7z020-clg400-1 -data names -quiet 
Execute       ap_part_info -name xc7z020-clg400-1 -data info -quiet 
Execute       ap_part_info -name xc7z020-clg400-1 -data names -quiet 
Execute       ap_part_info -name xc7z020-clg400-1 -data info -quiet 
Execute       source C:/Xilinx/Vitis/2020.1/gcd_custom_ip/gcd_ip/solution1/.autopilot/db/global.setting.tcl 
Execute       ap_part_info -name xc7z020-clg400-1 -data names -quiet 
Execute       ap_part_info -name xc7z020-clg400-1 -data info -quiet 
Execute       source C:/Xilinx/Vitis/2020.1/gcd_custom_ip/gcd_ip/solution1/.autopilot/db/gcd_custom.constraint.tcl 
Execute       source C:/Xilinx/Vitis/2020.1/gcd_custom_ip/gcd_ip/solution1/.autopilot/db/gcd_custom.tbgen.tcl 
INFO-FLOW: DBG:CMD:       hasPcoreIpAdapter=false #gSsdmPorts=0
INFO-FLOW: DBG:CMD: Skipping loadAnalyze_DB, #g_database=3
INFO-FLOW: DBG:CMD:       generate_json is_phase_csynth=1 g_has_adaptors=false generate_bd_files=0 #modelList=3 #gSsdmPorts=0
Execute       source C:/Xilinx/Vitis/2020.1/tps/tcl/tcllib1.11.1/fileutil/fileutil.tcl 
Execute       source C:/Xilinx/Vitis/2020.1/gcd_custom_ip/gcd_ip/solution1/.autopilot/db/global.setting.tcl 
Execute       source C:/Xilinx/Vitis/2020.1/gcd_custom_ip/gcd_ip/solution1/.autopilot/db/global.setting.tcl 
Execute       source C:/Xilinx/Vitis/2020.1/gcd_custom_ip/gcd_ip/solution1/.autopilot/db/top-io-be.tcl 
Execute       source C:/Xilinx/Vitis/2020.1/gcd_custom_ip/gcd_ip/solution1/.autopilot/db/gcd_custom.tbgen.tcl 
Execute       source C:/Xilinx/Vitis/2020.1/gcd_custom_ip/gcd_ip/solution1/.autopilot/db/gcd_custom.compgen.dataonly.tcl 
Execute       source C:/Xilinx/Vitis/2020.1/gcd_custom_ip/gcd_ip/solution1/.autopilot/db/gcd_custom.compgen.dataonly.tcl 
Execute       source C:/Xilinx/Vitis/2020.1/gcd_custom_ip/gcd_ip/solution1/.autopilot/db/gcd_custom.rtl_wrap.cfg.tcl 
Execute       source C:/Xilinx/Vitis/2020.1/gcd_custom_ip/gcd_ip/solution1/.autopilot/db/gcd_custom.compgen.dataonly.tcl 
Execute       get_config_export -format 
Execute       ap_part_info -name xc7z020-clg400-1 -data names -quiet 
Execute       ap_part_info -name xc7z020-clg400-1 -data info -quiet 
Execute       source C:/Xilinx/Vitis/2020.1/gcd_custom_ip/gcd_ip/solution1/.autopilot/db/gcd_custom.tbgen.tcl 
Execute       source C:/Xilinx/Vitis/2020.1/gcd_custom_ip/gcd_ip/solution1/.autopilot/db/global.setting.tcl 
Execute       ap_part_info -name xc7z020-clg400-1 -data names -quiet 
Execute       ap_part_info -name xc7z020-clg400-1 -data info -quiet 
Execute       get_solution -flow_target 
Execute       get_config_rtl -kernel_profile 
Execute       get_config_rtl -kernel_profile 
Execute       get_config_rtl -stall_sig_gen 
Execute       get_config_rtl -profile 
Execute       source C:/Xilinx/Vitis/2020.1/gcd_custom_ip/gcd_ip/solution1/.autopilot/db/gcd_custom.constraint.tcl 
Execute       sc_get_clocks gcd_custom 
Execute       source C:/Xilinx/Vitis/2020.1/gcd_custom_ip/gcd_ip/solution1/.autopilot/db/global.setting.tcl 
Execute       get_config_debug -directory 
INFO-FLOW: DBG:CMD:       delete-temp-dirs (skipped for debug)
INFO: [HLS 200-111] Finished generating all RTL models Time (s): cpu = 00:00:04 ; elapsed = 00:00:09 . Memory (MB): peak = 999.652 ; gain = 901.859
INFO: [VHDL 208-304] Generating VHDL RTL for gcd_custom.
INFO: [VLOG 209-307] Generating Verilog RTL for gcd_custom.
Execute       syn_report -model gcd_custom -printsummary 
INFO: [HLS 200-790] **** Loop Constraint Status: All loop constraints were NOT satisfied.
INFO: [HLS 200-789] **** Estimated Fmax: 230.63 MHz
Command     autosyn done; 1.643 sec.
Command   csynth_design done; 6.73 sec.
Command ap_source done; 8.456 sec.
Execute cleanup_all 
INFO-FLOW: Workspace C:/Xilinx/Vitis/2020.1/gcd_custom_ip/gcd_ip/solution1 opened at Thu Mar 24 00:20:01 +0900 2022
Execute     ap_set_clock -name default -period 10 -default=false 
INFO: [SYN 201-201] Setting up clock 'default' with a period of 10ns.
Execute     open_platform DefaultPlatform 
Execute     import_lib C:/Xilinx/Vitis/2020.1/common/technology/xilinx/zynq/zynq 
Execute       source C:/Xilinx/Vitis/2020.1/common/technology/xilinx/common/xilinx.lib 
Execute         source C:/Xilinx/Vitis/2020.1/common/technology/xilinx/common/dsp48.lib 
Execute       source C:/Xilinx/Vitis/2020.1/common/technology/xilinx/common/xilinx.hlp 
Execute         source C:/Xilinx/Vitis/2020.1/common/technology/xilinx/interface/xilinx_interface.hlp 
Execute           source C:/Xilinx/Vitis/2020.1/common/technology/xilinx/interface/maxi.hlp 
Execute           source C:/Xilinx/Vitis/2020.1/common/technology/xilinx/interface/saxilite.hlp 
Execute         source C:/Xilinx/Vitis/2020.1/common/technology/xilinx/common/dsp48.hlp 
Execute       source C:/Xilinx/Vitis/2020.1/common/technology/xilinx/zynq/dsp48e1.hlp 
Execute     source C:/Xilinx/Vitis/2020.1/common/technology/xilinx/zynq/zynq.gen 
Execute       source C:/Xilinx/Vitis/2020.1/common/technology/xilinx/common/xilinx.gen 
Execute         source C:/Xilinx/Vitis/2020.1/common/technology/xilinx/interface/plb46.gen 
Execute         source C:/Xilinx/Vitis/2020.1/common/technology/xilinx/interface/axi4.gen 
Execute         source C:/Xilinx/Vitis/2020.1/common/technology/xilinx/interface/nativeAXI4.gen 
Execute           source C:/Xilinx/Vitis/2020.1/common/technology/xilinx/interface/saxilite.gen 
Execute           source C:/Xilinx/Vitis/2020.1/common/technology/xilinx/interface/maxi.gen 
Execute         source C:/Xilinx/Vitis/2020.1/common/technology/xilinx/scripts/xilinxcoregen.gen 
Execute         source C:/Xilinx/Vitis/2020.1/common/technology/xilinx/interface/XilEDKCoreGen.gen 
Execute         source C:/Xilinx/Vitis/2020.1/common/technology/xilinx/ip/dds_compiler.gen 
Execute         source C:/Xilinx/Vitis/2020.1/common/technology/xilinx/ip/util.gen 
Execute         source C:/Xilinx/Vitis/2020.1/common/technology/xilinx/ip/xfft.gen 
Execute         source C:/Xilinx/Vitis/2020.1/common/technology/xilinx/ip/xfir.gen 
Execute         source C:/Xilinx/Vitis/2020.1/common/technology/xilinx/common/dsp48.gen 
Command       ap_source done; 0.134 sec.
Command     ap_source done; 0.134 sec.
Execute     open_platform DefaultPlatform 
Execute     import_lib C:/Xilinx/Vitis/2020.1/common/technology/xilinx/zynq/zynq_fpv6 
Execute       source C:/Xilinx/Vitis/2020.1/common/technology/xilinx/common/xilinx_fp.lib 
Execute       source C:/Xilinx/Vitis/2020.1/common/technology/xilinx/common/xilinx_fp.hlp 
Execute         source C:/Xilinx/Vitis/2020.1/common/technology/xilinx/common/xilinx.hlp 
Execute           source C:/Xilinx/Vitis/2020.1/common/technology/xilinx/interface/xilinx_interface.hlp 
Execute             source C:/Xilinx/Vitis/2020.1/common/technology/xilinx/interface/maxi.hlp 
Execute             source C:/Xilinx/Vitis/2020.1/common/technology/xilinx/interface/saxilite.hlp 
Execute           source C:/Xilinx/Vitis/2020.1/common/technology/xilinx/common/dsp48.hlp 
Execute     source C:/Xilinx/Vitis/2020.1/common/technology/xilinx/zynq/zynq_fpv6.gen 
Execute       source C:/Xilinx/Vitis/2020.1/common/technology/xilinx/common/xilinx_fp.gen 
Execute     set_part xc7z020clg400-1 
INFO-FLOW: DBG:set_part: XILINX_VIVADO=C:/Xilinx/Vivado/2020.1
INFO-FLOW: DBG:set_part: RDI_DATADIR=C:/Xilinx/Vivado/2020.1/data;C:/Xilinx/Vitis/2020.1/data
Execute       ap_part_info -name xc7z020clg400-1 -data single -quiet 
DBG:HLSDevice: Trying to load device library: C:/Xilinx/Vitis/2020.1\lib\win64.o\librdi_hlsvwrap.dll
DBG:HLSDevice: first parts/arch.xml in RDI_DATADIR: C:/Xilinx/Vivado/2020.1/data/parts/arch.xml
Command       ap_part_info done; 1.319 sec.
Execute       ap_part_info -name xc7z020clg400-1 -data info 
Execute       ap_family_info -name zynq -data info 
Execute       add_library xilinx/zynq/zynq:xc7z020:-clg400:-1 
Execute         get_default_platform 
Execute         ap_part_info -data single -name xc7z020-clg400-1 
Execute         ap_part_info -name xc7z020-clg400-1 -data resources 
Execute         config_chip_info -resource {SLICE 13300} {LUT 53200} {FF 106400} {DSP 220} {BRAM 280} {URAM 0} 
Execute         ap_part_info -name xc7z020-clg400-1 -data info 
Execute         config_chip_info -speed slow 
Execute       add_library xilinx/zynq/zynq_fpv6 
Execute         get_default_platform 
INFO: [HLS 200-10] Setting target device to 'xc7z020-clg400-1'
Execute       ap_part_info -name xc7z020-clg400-1 -data info 
Execute       get_default_platform 
Command     set_part done; 1.42 sec.
Execute     ap_part_info -data single -name xc7z020clg400-1 
Execute     ap_part_info -name xc7z020clg400-1 -data resources 
Execute     config_chip_info -resource {SLICE 13300} {LUT 53200} {FF 106400} {DSP 220} {BRAM 280} {URAM 0} 
Execute     ap_part_info -name xc7z020clg400-1 -data info 
Execute     config_chip_info -speed slow 
Execute     send_msg_by_id INFO @200-1505@%s%s  vivado 
INFO: [HLS 200-1505] Using flow_target 'vivado'
Execute     get_config_interface -m_axi_latency 
Execute     get_config_interface -m_axi_alignment_byte_size 
Execute     get_config_interface -m_axi_max_widen_bitwidth 
Execute     get_config_interface -default_interface 
Execute     get_config_interface -default_slave_interface 
Execute     get_config_rtl -register_reset_num 
Command   open_solution done; 1.629 sec.
Execute   set_part xc7z020clg400-1 
INFO-FLOW: DBG:set_part: XILINX_VIVADO=C:/Xilinx/Vivado/2020.1
INFO-FLOW: DBG:set_part: RDI_DATADIR=C:/Xilinx/Vivado/2020.1/data;C:/Xilinx/Vitis/2020.1/data
Execute     ap_part_info -name xc7z020clg400-1 -data single -quiet 
Execute     ap_part_info -name xc7z020clg400-1 -data info 
Execute     ap_family_info -name zynq -data info 
Execute     add_library xilinx/zynq/zynq:xc7z020:-clg400:-1 
Execute       get_default_platform 
Execute       ap_part_info -data single -name xc7z020-clg400-1 
Execute       ap_part_info -name xc7z020-clg400-1 -data resources 
Execute       config_chip_info -resource {SLICE 13300} {LUT 53200} {FF 106400} {DSP 220} {BRAM 280} {URAM 0} 
Execute       ap_part_info -name xc7z020-clg400-1 -data info 
Execute       config_chip_info -speed slow 
Execute     add_library xilinx/zynq/zynq_fpv6 
Execute       get_default_platform 
Execute     ap_part_info -name xc7z020-clg400-1 -data info 
Execute     get_default_platform 
Execute   create_clock -period 10 -name default 
Execute     ap_set_clock -name default -period 10 -default=false 
INFO: [SYN 201-201] Setting up clock 'default' with a period of 10ns.
Execute   export_design -rtl verilog -format ip_catalog -output C:/Xilinx/Vivado/2020.1/ip_repository/gcd_custom.zip 
Execute     get_config_export -clock_margin 
Execute     get_config_export -custom_script 
Execute     get_config_export -description 
Execute     get_config_export -display_name 
Execute     get_config_export -driver_input_dir 
Execute     get_config_export -ipname 
Execute     get_config_export -library 
Execute     get_config_export -qor_test 
Execute     get_config_export -sim 
Execute     get_config_export -taxonomy 
Execute     get_config_export -use_ip 
Execute     get_config_export -use_netlist 
Execute     get_config_export -vendor 
Execute     get_config_export -version 
Execute     get_config_export -xo 
Execute     config_export -format=ip_catalog -output=C:/Xilinx/Vivado/2020.1/ip_repository/gcd_custom.zip -rtl=verilog 
INFO-FLOW: DBG:CMD: export_design_wrap: -format ip_catalog -rtl verilog
Execute     source C:/Xilinx/Vitis/2020.1/gcd_custom_ip/gcd_ip/solution1/.autopilot/db/global.setting.tcl 
Execute     get_config_export -vivado_clock 
Execute     get_top 
Execute     get_config_export -ipname 
Execute     get_config_export -xo 
Execute     get_config_export -format 
Execute     get_config_rtl -module_auto_prefix 
INFO-FLOW: DBG:CMD:   auto_impl: set ipname to top (module_auto_prefix): gcd_custom
Execute     get_solution -flow_target 
Execute     get_config_export -xo 
Execute     get_config_export -format 
INFO-FLOW: DBG:CMD:   auto_impl: pack: -export -rtl verilog
Execute     source C:/Xilinx/Vitis/2020.1/gcd_custom_ip/gcd_ip/solution1/.autopilot/db/global.setting.tcl 
INFO: [IMPL 213-8] Exporting RTL as a Vivado IP.
Execute     source C:/Xilinx/Vitis/2020.1/gcd_custom_ip/gcd_ip/solution1/.autopilot/db/global.setting.tcl 
INFO-FLOW: DBG:CMD: automg_wrap -export -pcore_version 1.00.a -rtl vlog -tool Vivado -impltomg_flag
INFO-FLOW: DBG:CMD:     auto_generate -export -pcore_version 1.00.a -rtl vlog -tool Vivado -impltomg_flag
Execute     get_solution -flow_target 
Execute     get_config_export -xo 
Execute     get_config_export -format 
Execute     source C:/Xilinx/Vitis/2020.1/gcd_custom_ip/gcd_ip/solution1/.autopilot/db/global.setting.tcl 
INFO-FLOW: DBG:CMD: read_platform_lib C:/Xilinx/Vitis/2020.1/gcd_custom_ip/gcd_ip/solution1/.autopilot/db/global.setting.tcl
Execute     source C:/Xilinx/Vitis/2020.1/common/technology/generic/autopilot/common.gen 
Execute       source C:/Xilinx/Vitis/2020.1/common/technology/generic/autopilot/APCoreGen.gen 
Execute     source C:/Xilinx/Vitis/2020.1/common/technology/generic/autopilot/op.gen 
Execute     source C:/Xilinx/Vitis/2020.1/common/technology/generic/autopilot/op_simcore.gen 
Execute     source C:/Xilinx/Vitis/2020.1/common/technology/generic/autopilot/interface.gen 
Execute     source C:/Xilinx/Vitis/2020.1/gcd_custom_ip/gcd_ip/solution1/.autopilot/db/global.setting.tcl 
Execute     source C:/Xilinx/Vitis/2020.1/common/technology/xilinx/zynq/zynq.gen 
Execute       source C:/Xilinx/Vitis/2020.1/common/technology/xilinx/common/xilinx.gen 
Execute         source C:/Xilinx/Vitis/2020.1/common/technology/xilinx/interface/plb46.gen 
Execute         source C:/Xilinx/Vitis/2020.1/common/technology/xilinx/interface/axi4.gen 
Execute         source C:/Xilinx/Vitis/2020.1/common/technology/xilinx/interface/nativeAXI4.gen 
Execute           source C:/Xilinx/Vitis/2020.1/common/technology/xilinx/interface/saxilite.gen 
Execute           source C:/Xilinx/Vitis/2020.1/common/technology/xilinx/interface/maxi.gen 
Execute         source C:/Xilinx/Vitis/2020.1/common/technology/xilinx/scripts/xilinxcoregen.gen 
Execute         source C:/Xilinx/Vitis/2020.1/common/technology/xilinx/interface/XilEDKCoreGen.gen 
Execute         source C:/Xilinx/Vitis/2020.1/common/technology/xilinx/ip/dds_compiler.gen 
Execute         source C:/Xilinx/Vitis/2020.1/common/technology/xilinx/ip/util.gen 
Execute         source C:/Xilinx/Vitis/2020.1/common/technology/xilinx/ip/xfft.gen 
Execute         source C:/Xilinx/Vitis/2020.1/common/technology/xilinx/ip/xfir.gen 
Execute         source C:/Xilinx/Vitis/2020.1/common/technology/xilinx/common/dsp48.gen 
Command       ap_source done; 0.133 sec.
Command     ap_source done; 0.134 sec.
Execute     source C:/Xilinx/Vitis/2020.1/common/technology/xilinx/zynq/zynq_fpv6.gen 
Execute       source C:/Xilinx/Vitis/2020.1/common/technology/xilinx/common/xilinx_fp.gen 
INFO-FLOW: DBG:CMD:   using AESL_AUTOCG::g_clock_period=10.000 (was NA)
INFO-FLOW: DBG:CMD:       initCTypeInfo top_module=gcd_custom xml_exists=1
Execute     source C:/Xilinx/Vitis/2020.1/gcd_custom_ip/gcd_ip/solution1/.autopilot/db/gcd_custom.rtl_wrap.cfg.tcl 
Execute     source C:/Xilinx/Vitis/2020.1/gcd_custom_ip/gcd_ip/solution1/.autopilot/db/gcd_custom.rtl_wrap.cfg.tcl 
Execute     source C:/Xilinx/Vitis/2020.1/gcd_custom_ip/gcd_ip/solution1/.autopilot/db/gcd_custom.rtl_wrap.cfg.tcl 
Execute     source C:/Xilinx/Vitis/2020.1/gcd_custom_ip/gcd_ip/solution1/.autopilot/db/gcd_custom.tbgen.tcl 
Execute     source C:/Xilinx/Vitis/2020.1/gcd_custom_ip/gcd_ip/solution1/.autopilot/db/gcd_custom.tbgen.tcl 
INFO-FLOW: DBG:CMD:       export_impl_rtl
INFO-FLOW: DBG:CMD:       generate_ip_cores sim=0 export=0 expOnly=0 dstVlogDir=impl/.verilog
Execute     source C:/Xilinx/Vitis/2020.1/gcd_custom_ip/gcd_ip/solution1/.autopilot/db/global.setting.tcl 
Execute     source C:/Xilinx/Vitis/2020.1/gcd_custom_ip/gcd_ip/solution1/.autopilot/db/gcd_custom.compgen.tcl 
INFO-FLOW: DBG:CMD:       generate_ip_cores sim=0 export=1 expOnly=1 dstVlogDir=impl/.pcores/verilog
Execute     source C:/Xilinx/Vitis/2020.1/gcd_custom_ip/gcd_ip/solution1/.autopilot/db/global.setting.tcl 
Execute     source C:/Xilinx/Vitis/2020.1/gcd_custom_ip/gcd_ip/solution1/.autopilot/db/gcd_custom.compgen.tcl 
Execute       ap_part_info -name xc7z020-clg400-1 -data names -quiet 
Execute       ap_part_info -name xc7z020-clg400-1 -data info -quiet 
Execute       ap_part_info -name xc7z020-clg400-1 -data names -quiet 
Execute       ap_part_info -name xc7z020-clg400-1 -data info -quiet 
Execute       ap_part_info -name xc7z020-clg400-1 -data names -quiet 
Execute       ap_part_info -name xc7z020-clg400-1 -data info -quiet 
Execute       ap_part_info -name xc7z020-clg400-1 -data names -quiet 
Execute       ap_part_info -name xc7z020-clg400-1 -data info -quiet 
Execute       ap_part_info -name xc7z020-clg400-1 -data names -quiet 
Execute       ap_part_info -name xc7z020-clg400-1 -data info -quiet 
Execute       ap_part_info -name xc7z020-clg400-1 -data names -quiet 
Execute       ap_part_info -name xc7z020-clg400-1 -data info -quiet 
Command     ap_source done; 0.188 sec.
Execute     ap_part_info -name xc7z020-clg400-1 -data names -quiet 
Execute     ap_part_info -name xc7z020-clg400-1 -data info -quiet 
INFO-FLOW: DBG:CMD:       generate_ip_cores sim=0 export=0 expOnly=0 dstVlogDir=impl/.pcores/verilog_sim
Execute     source C:/Xilinx/Vitis/2020.1/gcd_custom_ip/gcd_ip/solution1/.autopilot/db/global.setting.tcl 
Execute     source C:/Xilinx/Vitis/2020.1/gcd_custom_ip/gcd_ip/solution1/.autopilot/db/gcd_custom.compgen.tcl 
Execute     ap_part_info -name xc7z020-clg400-1 -data names -quiet 
Execute     ap_part_info -name xc7z020-clg400-1 -data info -quiet 
Execute     ap_part_info -name xc7z020-clg400-1 -data names -quiet 
Execute     ap_part_info -name xc7z020-clg400-1 -data info -quiet 
Execute     source C:/Xilinx/Vitis/2020.1/gcd_custom_ip/gcd_ip/solution1/.autopilot/db/global.setting.tcl 
Execute     ap_part_info -name xc7z020-clg400-1 -data names -quiet 
Execute     ap_part_info -name xc7z020-clg400-1 -data info -quiet 
Execute     source C:/Xilinx/Vitis/2020.1/gcd_custom_ip/gcd_ip/solution1/.autopilot/db/gcd_custom.constraint.tcl 
Execute     source C:/Xilinx/Vitis/2020.1/gcd_custom_ip/gcd_ip/solution1/.autopilot/db/gcd_custom.tbgen.tcl 
INFO-FLOW: DBG:CMD:       hasPcoreIpAdapter=false #gSsdmPorts=0
INFO-FLOW: DBG:CMD:       copying IP vlog from C:/Xilinx/Vitis/2020.1/gcd_custom_ip/gcd_ip/solution1/impl/verilog
INFO-FLOW: DBG:CMD:       copying IP vhdl from C:/Xilinx/Vitis/2020.1/gcd_custom_ip/gcd_ip/solution1/impl/vhdl
INFO-FLOW: DBG:CMD:       copy ip_driver_dir 1_0 C:/Xilinx/Vitis/2020.1/gcd_custom_ip/gcd_ip/solution1/.autopilot/db/driver
Execute     get_config_export -format 
INFO-FLOW: DBG:CMD:       generate_ip_script #gSsdmPorts=0 g_lang=vlog is_sdaccel=false is_sdsoc=true xo_file=
Execute     ap_part_info -name xc7z020-clg400-1 -data names -quiet 
Execute     ap_part_info -name xc7z020-clg400-1 -data info -quiet 
Execute     ap_part_info -name xc7z020-clg400-1 -data names -quiet 
Execute     ap_part_info -name xc7z020-clg400-1 -data info -quiet 
Execute     source C:/Xilinx/Vitis/2020.1/gcd_custom_ip/gcd_ip/solution1/.autopilot/db/gcd_custom.compgen.dataonly.tcl 
Execute     source C:/Xilinx/Vitis/2020.1/gcd_custom_ip/gcd_ip/solution1/.autopilot/db/gcd_custom.compgen.dataonly.tcl 
Execute     source C:/Xilinx/Vitis/2020.1/gcd_custom_ip/gcd_ip/solution1/.autopilot/db/gcd_custom.tbgen.tcl 
Execute     source C:/Xilinx/Vitis/2020.1/gcd_custom_ip/gcd_ip/solution1/.autopilot/db/global.setting.tcl 
Execute     get_config_debug -directory 
INFO-FLOW: DBG:CMD:       generate_ip_auxiliary
Execute     ap_part_info -name xc7z020-clg400-1 -data names -quiet 
Execute     ap_part_info -name xc7z020-clg400-1 -data info -quiet 
Execute     source C:/Xilinx/Vitis/2020.1/gcd_custom_ip/gcd_ip/solution1/.autopilot/db/global.setting.tcl 
INFO-FLOW: DBG:CMD:       prepArgInfo -> loadAnalyze_DB top_module=gcd_custom
Execute     source C:/Xilinx/Vitis/2020.1/gcd_custom_ip/gcd_ip/solution1/.autopilot/db/gcd_custom.rtl_wrap.cfg.tcl 
Execute     source C:/Xilinx/Vitis/2020.1/gcd_custom_ip/gcd_ip/solution1/.autopilot/db/gcd_custom.rtl_wrap.cfg.tcl 
Execute     source C:/Xilinx/Vitis/2020.1/gcd_custom_ip/gcd_ip/solution1/.autopilot/db/gcd_custom.rtl_wrap.cfg.tcl 
Execute     source C:/Xilinx/Vitis/2020.1/gcd_custom_ip/gcd_ip/solution1/.autopilot/db/gcd_custom.tbgen.tcl 
Execute     source C:/Xilinx/Vitis/2020.1/gcd_custom_ip/gcd_ip/solution1/.autopilot/db/gcd_custom.tbgen.tcl 
Execute     source C:/Xilinx/Vitis/2020.1/gcd_custom_ip/gcd_ip/solution1/.autopilot/db/gcd_custom.tbgen.tcl 
INFO-FLOW: DBG:CMD:       generate_top_info
INFO-FLOW: DBG:CMD:       prepArgInfo -> loadAnalyze_DB top_module=gcd_custom
Execute     source C:/Xilinx/Vitis/2020.1/gcd_custom_ip/gcd_ip/solution1/.autopilot/db/gcd_custom.rtl_wrap.cfg.tcl 
Execute     source C:/Xilinx/Vitis/2020.1/gcd_custom_ip/gcd_ip/solution1/.autopilot/db/gcd_custom.rtl_wrap.cfg.tcl 
Execute     source C:/Xilinx/Vitis/2020.1/gcd_custom_ip/gcd_ip/solution1/.autopilot/db/gcd_custom.rtl_wrap.cfg.tcl 
Execute     source C:/Xilinx/Vitis/2020.1/gcd_custom_ip/gcd_ip/solution1/.autopilot/db/gcd_custom.tbgen.tcl 
Execute     source C:/Xilinx/Vitis/2020.1/gcd_custom_ip/gcd_ip/solution1/.autopilot/db/gcd_custom.tbgen.tcl 
Execute     ap_part_info -name xc7z020-clg400-1 -data names -quiet 
Execute     ap_part_info -name xc7z020-clg400-1 -data info -quiet 
Execute     source C:/Xilinx/Vitis/2020.1/gcd_custom_ip/gcd_ip/solution1/.autopilot/db/global.setting.tcl 
Execute     ap_part_info -name xc7z020-clg400-1 -data names -quiet 
Execute     ap_part_info -name xc7z020-clg400-1 -data info -quiet 
Execute     ap_part_info -name xc7z020-clg400-1 -data names -quiet 
Execute     ap_part_info -name xc7z020-clg400-1 -data info -quiet 
Execute     source C:/Xilinx/Vitis/2020.1/gcd_custom_ip/gcd_ip/solution1/.autopilot/db/gcd_custom.tbgen.tcl 
Execute     source C:/Xilinx/Vitis/2020.1/gcd_custom_ip/gcd_ip/solution1/.autopilot/db/global.setting.tcl 
Execute     source C:/Xilinx/Vitis/2020.1/gcd_custom_ip/gcd_ip/solution1/.autopilot/db/gcd_custom.constraint.tcl 
INFO-FLOW: DBG:CMD:       generate_ipi_example_script
Execute     ap_part_info -name xc7z020-clg400-1 -data names -quiet 
Execute     ap_part_info -name xc7z020-clg400-1 -data info -quiet 
Execute     ap_part_info -name xc7z020-clg400-1 -data names -quiet 
Execute     ap_part_info -name xc7z020-clg400-1 -data info -quiet 
INFO-FLOW: DBG:CMD:       generate_syn_sh
Execute     ap_part_info -name xc7z020-clg400-1 -data names -quiet 
Execute     ap_part_info -name xc7z020-clg400-1 -data info -quiet 
Execute     source C:/Xilinx/Vitis/2020.1/gcd_custom_ip/gcd_ip/solution1/.autopilot/db/global.setting.tcl 
INFO-FLOW: DBG:CMD:       generate_imp_constraints
Execute     ap_part_info -name xc7z020-clg400-1 -data names -quiet 
Execute     ap_part_info -name xc7z020-clg400-1 -data info -quiet 
Execute     source C:/Xilinx/Vitis/2020.1/gcd_custom_ip/gcd_ip/solution1/.autopilot/db/gcd_custom.constraint.tcl 
Execute     source C:/Xilinx/Vitis/2020.1/gcd_custom_ip/gcd_ip/solution1/.autopilot/db/gcd_custom.tbgen.tcl 
INFO-FLOW: DBG:CMD:       delete-temp-dirs (skipped for debug)
Execute     ap_part_info -name xc7z020-clg400-1 -data names -quiet 
Execute     ap_part_info -name xc7z020-clg400-1 -data info -quiet 
INFO-FLOW: DBG:CMD: read_platform_lib C:/Xilinx/Vitis/2020.1/gcd_custom_ip/gcd_ip/solution1/.autopilot/db/global.setting.tcl
Execute     source C:/Xilinx/Vitis/2020.1/common/technology/generic/autopilot/common.gen 
Execute       source C:/Xilinx/Vitis/2020.1/common/technology/generic/autopilot/APCoreGen.gen 
Execute     source C:/Xilinx/Vitis/2020.1/common/technology/generic/autopilot/op.gen 
Execute     source C:/Xilinx/Vitis/2020.1/common/technology/generic/autopilot/op_simcore.gen 
Execute     source C:/Xilinx/Vitis/2020.1/common/technology/generic/autopilot/interface.gen 
Execute     source C:/Xilinx/Vitis/2020.1/gcd_custom_ip/gcd_ip/solution1/.autopilot/db/global.setting.tcl 
Execute     source C:/Xilinx/Vitis/2020.1/common/technology/xilinx/zynq/zynq.gen 
Execute       source C:/Xilinx/Vitis/2020.1/common/technology/xilinx/common/xilinx.gen 
Execute         source C:/Xilinx/Vitis/2020.1/common/technology/xilinx/interface/plb46.gen 
Execute         source C:/Xilinx/Vitis/2020.1/common/technology/xilinx/interface/axi4.gen 
Execute         source C:/Xilinx/Vitis/2020.1/common/technology/xilinx/interface/nativeAXI4.gen 
Execute           source C:/Xilinx/Vitis/2020.1/common/technology/xilinx/interface/saxilite.gen 
Execute           source C:/Xilinx/Vitis/2020.1/common/technology/xilinx/interface/maxi.gen 
Execute         source C:/Xilinx/Vitis/2020.1/common/technology/xilinx/scripts/xilinxcoregen.gen 
Execute         source C:/Xilinx/Vitis/2020.1/common/technology/xilinx/interface/XilEDKCoreGen.gen 
Execute         source C:/Xilinx/Vitis/2020.1/common/technology/xilinx/ip/dds_compiler.gen 
Execute         source C:/Xilinx/Vitis/2020.1/common/technology/xilinx/ip/util.gen 
Execute         source C:/Xilinx/Vitis/2020.1/common/technology/xilinx/ip/xfft.gen 
Execute         source C:/Xilinx/Vitis/2020.1/common/technology/xilinx/ip/xfir.gen 
Execute         source C:/Xilinx/Vitis/2020.1/common/technology/xilinx/common/dsp48.gen 
Command       ap_source done; 0.13 sec.
Command     ap_source done; 0.13 sec.
Execute     source C:/Xilinx/Vitis/2020.1/common/technology/xilinx/zynq/zynq_fpv6.gen 
Execute       source C:/Xilinx/Vitis/2020.1/common/technology/xilinx/common/xilinx_fp.gen 
Execute     ap_part_info -name xc7z020-clg400-1 -data names -quiet 
Execute     ap_part_info -name xc7z020-clg400-1 -data info -quiet 
INFO-FLOW: DBG:CMD:     exec C:/Xilinx/Vitis/2020.1/gcd_custom_ip/gcd_ip/solution1/impl/ip/pack.bat
Execute     get_config_export -output 
Execute     send_msg_by_id INFO @200-802@%s C:/Xilinx/Vivado/2020.1/ip_repository/gcd_custom.zip 
INFO: [HLS 200-802] Generated output file C:/Xilinx/Vivado/2020.1/ip_repository/gcd_custom.zip
Command   export_design done; 9.496 sec.
Command ap_source done; 11.258 sec.
Execute cleanup_all 
