INFO: [SIM 2] *************** CSIM start ***************
INFO: [SIM 4] CSIM will launch GCC as the compiler.
   Compiling ../../../../../saxpy.cpp in debug mode
   Generating csim.exe
0.000000
2.000000
4.000000
6.000000
8.000000
10.000000
12.000000
14.000000
16.000000
18.000000
10000.000000
10000.000000
10000.000000
10000.000000
10000.000000
10000.000000
10000.000000
10000.000000
10000.000000
10000.000000
10000.000000
10004.000000
10008.000000
10012.000000
10016.000000
10020.000000
10024.000000
10028.000000
10032.000000
10036.000000
INFO: [SIM 1] CSim done with 0 errors.
INFO: [SIM 3] *************** CSIM finish ***************
